#
# A fatal error has been detected by the Java Runtime Environment:
#
#  EXCEPTION_ACCESS_VIOLATION (0xc0000005) at pc=0x000000006316a653, pid=20520, tid=0x00000000000052f4
#
# JRE version: Java(TM) SE Runtime Environment (8.0_181-b13) (build 1.8.0_181-b13)
# Java VM: Java HotSpot(TM) 64-Bit Server VM (25.181-b13 mixed mode windows-amd64 compressed oops)
# Problematic frame:
# V  [jvm.dll+0x15a653]
#
# Failed to write core dump. Minidumps are not enabled by default on client versions of Windows
#
# If you would like to submit a bug report, please visit:
#   http://bugreport.java.com/bugreport/crash.jsp
#

---------------  T H R E A D  ---------------

Current thread (0x0000000000dee000):  JavaThread "main" [_thread_in_vm, id=21236, stack(0x00000000029a0000,0x0000000002aa0000)]

siginfo: ExceptionCode=0xc0000005, reading address 0xffffffffffffffff

Registers:
RAX=0x000000000000000c, RBX=0x0000000000dee000, RCX=0x0000000000000e00, RDX=0x00007ffe46b6ea60
RSP=0x0000000002a9f2e0, RBP=0x0000000000000000, RSI=0x0000000020200021, RDI=0x00007ffe46b6ea60
R8 =0x0000000000000000, R9 =0x0000000000de7940, R10=0x0000000002bb8c3b, R11=0x000000006323c6a0
R12=0x0000000000000010, R13=0x0641d67644333c05, R14=0x000000000000000c, R15=0x0000000000dee000
RIP=0x000000006316a653, EFLAGS=0x0000000000010202

Top of Stack: (sp=0x0000000002a9f2e0)
0x0000000002a9f2e0:   0000000000000000 0000000000000000
0x0000000002a9f2f0:   0000000000000000 0000000000000000
0x0000000002a9f300:   0000000000000000 0000000000000000
0x0000000002a9f310:   0000000000000000 000000001b020000
0x0000000002a9f320:   0000000002a9f230 0000000000000000
0x0000000002a9f330:   0000000002a9f520 0000000002a9f478
0x0000000002a9f340:   000000001bfe0998 00007ffe46b58464
0x0000000002a9f350:   0000000002a9f370 cccccccccccccccc
0x0000000002a9f360:   0000000000000000 000000001bfe0998
0x0000000002a9f370:   cccccccccccccccc 00007ffe46b6ea60
0x0000000002a9f380:   cccccccccccccccc cccccccccccccccc
0x0000000002a9f390:   cccccccccccccccc cccccccccccccccc
0x0000000002a9f3a0:   cccccccccccccccc cccccccccccccccc
0x0000000002a9f3b0:   cccccccccccccccc cccccccccccccccc
0x0000000002a9f3c0:   cccccccccccccccc cccccccccccccccc
0x0000000002a9f3d0:   cccccccccccccccc cccccccccccccccc 

Instructions: (pc=0x000000006316a653)
0x000000006316a633:   00 80 3d 36 93 6b 00 00 4c 8b 2f 41 bc 10 00 00
0x000000006316a643:   00 41 be 0c 00 00 00 41 8b c4 41 0f 45 c6 48 98
0x000000006316a653:   4a 63 3c 28 85 ff 75 0d e8 90 82 fe ff 48 8b f8
0x000000006316a663:   e9 b6 00 00 00 8b 05 52 1b 67 00 48 89 74 24 78 


Register to memory mapping:

RAX=0x000000000000000c is an unknown value
RBX=0x0000000000dee000 is a thread
RCX=0x0000000000000e00 is an unknown value
RDX=0x00007ffe46b6ea60 is an unknown value
RSP=0x0000000002a9f2e0 is pointing into the stack for thread: 0x0000000000dee000
RBP=0x0000000000000000 is an unknown value
RSI=0x0000000020200021 is an unknown value
RDI=0x00007ffe46b6ea60 is an unknown value
R8 =0x0000000000000000 is an unknown value
R9 =0x0000000000de7940 is an unknown value
R10=0x0000000002bb8c3b is at code_begin+891 in an Interpreter codelet
method entry point (kind = native)  [0x0000000002bb88c0, 0x0000000002bb9280]  2496 bytes
R11=0x000000006323c6a0 is an unknown value
R12=0x0000000000000010 is an unknown value
R13=0x0641d67644333c05 is an unknown value
R14=0x000000000000000c is an unknown value
R15=0x0000000000dee000 is a thread


Stack: [0x00000000029a0000,0x0000000002aa0000],  sp=0x0000000002a9f2e0,  free space=1020k
Native frames: (J=compiled Java code, j=interpreted, Vv=VM code, C=native code)

Java frames: (J=compiled Java code, j=interpreted, Vv=VM code)
j  ntrusign.Ntrusign.GetPublicKey()[C+0
j  ntrusign.asu.main([Ljava/lang/String;)V+20
v  ~StubRoutines::call_stub

---------------  P R O C E S S  ---------------

Java Threads: ( => current thread )
  0x000000001e5ac000 JavaThread "Service Thread" daemon [_thread_blocked, id=4532, stack(0x000000001eff0000,0x000000001f0f0000)]
  0x000000001e52d000 JavaThread "C1 CompilerThread3" daemon [_thread_blocked, id=12368, stack(0x000000001eef0000,0x000000001eff0000)]
  0x000000001e526000 JavaThread "C2 CompilerThread2" daemon [_thread_blocked, id=19516, stack(0x000000001edf0000,0x000000001eef0000)]
  0x000000001e522000 JavaThread "C2 CompilerThread1" daemon [_thread_blocked, id=18684, stack(0x000000001ecf0000,0x000000001edf0000)]
  0x000000001c5da800 JavaThread "C2 CompilerThread0" daemon [_thread_blocked, id=22684, stack(0x000000001ebf0000,0x000000001ecf0000)]
  0x000000001e51f800 JavaThread "Attach Listener" daemon [_thread_blocked, id=24804, stack(0x000000001eaf0000,0x000000001ebf0000)]
  0x000000001e4cd000 JavaThread "Signal Dispatcher" daemon [_thread_blocked, id=22028, stack(0x000000001e9f0000,0x000000001eaf0000)]
  0x0000000002b9e000 JavaThread "Finalizer" daemon [_thread_blocked, id=7536, stack(0x000000001e890000,0x000000001e990000)]
  0x0000000002b95000 JavaThread "Reference Handler" daemon [_thread_blocked, id=21568, stack(0x000000001e390000,0x000000001e490000)]
=>0x0000000000dee000 JavaThread "main" [_thread_in_vm, id=21236, stack(0x00000000029a0000,0x0000000002aa0000)]

Other Threads:
  0x000000001c5c9000 VMThread [stack: 0x000000001e290000,0x000000001e390000] [id=23720]
  0x000000001e5e1800 WatcherThread [stack: 0x000000001f0f0000,0x000000001f1f0000] [id=15480]

VM state:not at safepoint (normal execution)

VM Mutex/Monitor currently owned by a thread: None

Heap:
 PSYoungGen      total 76288K, used 2621K [0x000000076b380000, 0x0000000770880000, 0x00000007c0000000)
  eden space 65536K, 4% used [0x000000076b380000,0x000000076b60f5e8,0x000000076f380000)
  from space 10752K, 0% used [0x000000076fe00000,0x000000076fe00000,0x0000000770880000)
  to   space 10752K, 0% used [0x000000076f380000,0x000000076f380000,0x000000076fe00000)
 ParOldGen       total 175104K, used 0K [0x00000006c1a00000, 0x00000006cc500000, 0x000000076b380000)
  object space 175104K, 0% used [0x00000006c1a00000,0x00000006c1a00000,0x00000006cc500000)
 Metaspace       used 2632K, capacity 4486K, committed 4864K, reserved 1056768K
  class space    used 281K, capacity 386K, committed 512K, reserved 1048576K

Card table byte_map: [0x0000000011f60000,0x0000000012760000] byte_map_base: 0x000000000e953000

Marking Bits: (ParMarkBitMap*) 0x0000000063832d00
 Begin Bits: [0x00000000134b0000, 0x0000000017448000)
 End Bits:   [0x0000000017448000, 0x000000001b3e0000)

Polling page: 0x0000000000db0000

CodeCache: size=245760Kb used=1100Kb max_used=1100Kb free=244659Kb
 bounds [0x0000000002ba0000, 0x0000000002e10000, 0x0000000011ba0000]
 total_blobs=256 nmethods=22 adapters=148
 compilation: enabled

Compilation events (10 events):
Event: 0.073 Thread 0x000000001e52d000   17       3       java.lang.StringBuilder::append (8 bytes)
Event: 0.074 Thread 0x000000001e52d000 nmethod 17 0x0000000002cb0f10 code [0x0000000002cb10c0, 0x0000000002cb1658]
Event: 0.074 Thread 0x000000001e52d000   16       3       java.lang.String::getChars (62 bytes)
Event: 0.074 Thread 0x000000001e52d000 nmethod 16 0x0000000002cb1d90 code [0x0000000002cb1f40, 0x0000000002cb2378]
Event: 0.077 Thread 0x000000001e52d000   20       3       java.lang.Math::min (11 bytes)
Event: 0.077 Thread 0x000000001e52d000 nmethod 20 0x0000000002cb2990 code [0x0000000002cb2ae0, 0x0000000002cb2c70]
Event: 0.078 Thread 0x000000001e52d000   22       3       sun.nio.cs.ext.DoubleByte$Encoder::encodeChar (21 bytes)
Event: 0.078 Thread 0x000000001e52d000 nmethod 22 0x0000000002cb2cd0 code [0x0000000002cb2e40, 0x0000000002cb2ff0]
Event: 0.078 Thread 0x000000001e52d000   21       3       java.lang.System::getSecurityManager (4 bytes)
Event: 0.078 Thread 0x000000001e52d000 nmethod 21 0x0000000002cb3150 code [0x0000000002cb32a0, 0x0000000002cb33f0]

GC Heap History (0 events):
No events

Deoptimization events (0 events):
No events

Classes redefined (0 events):
No events

Internal exceptions (2 events):
Event: 0.028 Thread 0x0000000000dee000 Exception <a 'java/lang/NoSuchMethodError': Method sun.misc.Unsafe.defineClass(Ljava/lang/String;[BII)Ljava/lang/Class; name or signature does not match> (0x000000076b387cb0) thrown at [C:\re\workspace\8-2-build-windows-amd64-cygwin\jdk8u181\11358\hotspot
Event: 0.028 Thread 0x0000000000dee000 Exception <a 'java/lang/NoSuchMethodError': Method sun.misc.Unsafe.prefetchRead(Ljava/lang/Object;J)V name or signature does not match> (0x000000076b387f98) thrown at [C:\re\workspace\8-2-build-windows-amd64-cygwin\jdk8u181\11358\hotspot\src\share\vm\prim

Events (10 events):
Event: 0.076 loading class sun/launcher/LauncherHelper$FXHelper
Event: 0.076 loading class sun/launcher/LauncherHelper$FXHelper done
Event: 0.076 loading class java/lang/Class$MethodArray
Event: 0.076 loading class java/lang/Class$MethodArray done
Event: 0.076 loading class java/lang/Void
Event: 0.076 loading class java/lang/Void done
Event: 0.077 loading class ntrusign/Ntrusign
Event: 0.077 loading class ntrusign/Ntrusign done
Event: 0.077 loading class java/lang/ClassLoaderHelper
Event: 0.077 loading class java/lang/ClassLoaderHelper done


Dynamic libraries:
0x00007ff7259e0000 - 0x00007ff725a17000 	C:\Program Files\Java\jdk1.8.0_181\bin\java.exe
0x00007ffe5cd80000 - 0x00007ffe5cf61000 	C:\WINDOWS\SYSTEM32\ntdll.dll
0x00007ffe5c820000 - 0x00007ffe5c8d2000 	C:\WINDOWS\System32\KERNEL32.DLL
0x00007ffe59d00000 - 0x00007ffe59f73000 	C:\WINDOWS\System32\KERNELBASE.dll
0x00007ffe5c8e0000 - 0x00007ffe5c981000 	C:\WINDOWS\System32\ADVAPI32.dll
0x00007ffe5a270000 - 0x00007ffe5a30e000 	C:\WINDOWS\System32\msvcrt.dll
0x00007ffe5ae40000 - 0x00007ffe5ae9b000 	C:\WINDOWS\System32\sechost.dll
0x00007ffe5a310000 - 0x00007ffe5a434000 	C:\WINDOWS\System32\RPCRT4.dll
0x00007ffe5b240000 - 0x00007ffe5b3d0000 	C:\WINDOWS\System32\USER32.dll
0x00007ffe59150000 - 0x00007ffe59170000 	C:\WINDOWS\System32\win32u.dll
0x00007ffe5b050000 - 0x00007ffe5b078000 	C:\WINDOWS\System32\GDI32.dll
0x00007ffe59fd0000 - 0x00007ffe5a162000 	C:\WINDOWS\System32\gdi32full.dll
0x00007ffe5a170000 - 0x00007ffe5a20f000 	C:\WINDOWS\System32\msvcp_win.dll
0x00007ffe59b50000 - 0x00007ffe59c4a000 	C:\WINDOWS\System32\ucrtbase.dll
0x00007ffe4c100000 - 0x00007ffe4c369000 	C:\WINDOWS\WinSxS\amd64_microsoft.windows.common-controls_6595b64144ccf1df_6.0.17134.228_none_fb4599993062b194\COMCTL32.dll
0x00007ffe5a970000 - 0x00007ffe5ac93000 	C:\WINDOWS\System32\combase.dll
0x00007ffe59ad0000 - 0x00007ffe59b4a000 	C:\WINDOWS\System32\bcryptPrimitives.dll
0x00007ffe5b080000 - 0x00007ffe5b0ad000 	C:\WINDOWS\System32\IMM32.DLL
0x0000000064c30000 - 0x0000000064d02000 	C:\Program Files\Java\jdk1.8.0_181\jre\bin\msvcr100.dll
0x0000000063010000 - 0x00000000638b2000 	C:\Program Files\Java\jdk1.8.0_181\jre\bin\server\jvm.dll
0x00007ffe5c810000 - 0x00007ffe5c818000 	C:\WINDOWS\System32\PSAPI.DLL
0x00007ffe52f70000 - 0x00007ffe52f79000 	C:\WINDOWS\SYSTEM32\WSOCK32.dll
0x00007ffe57320000 - 0x00007ffe57343000 	C:\WINDOWS\SYSTEM32\WINMM.dll
0x00007ffe5af70000 - 0x00007ffe5afdc000 	C:\WINDOWS\System32\WS2_32.dll
0x00007ffe545e0000 - 0x00007ffe545ea000 	C:\WINDOWS\SYSTEM32\VERSION.dll
0x00007ffe57120000 - 0x00007ffe5714a000 	C:\WINDOWS\SYSTEM32\WINMMBASE.dll
0x00007ffe59f80000 - 0x00007ffe59fc9000 	C:\WINDOWS\System32\cfgmgr32.dll
0x0000000064be0000 - 0x0000000064bef000 	C:\Program Files\Java\jdk1.8.0_181\jre\bin\verify.dll
0x0000000064bb0000 - 0x0000000064bd9000 	C:\Program Files\Java\jdk1.8.0_181\jre\bin\java.dll
0x0000000064b90000 - 0x0000000064ba6000 	C:\Program Files\Java\jdk1.8.0_181\jre\bin\zip.dll
0x00007ffe5b3d0000 - 0x00007ffe5c810000 	C:\WINDOWS\System32\SHELL32.dll
0x00007ffe5ca30000 - 0x00007ffe5cad9000 	C:\WINDOWS\System32\shcore.dll
0x00007ffe593c0000 - 0x00007ffe59acd000 	C:\WINDOWS\System32\windows.storage.dll
0x00007ffe5a210000 - 0x00007ffe5a261000 	C:\WINDOWS\System32\shlwapi.dll
0x00007ffe59110000 - 0x00007ffe59121000 	C:\WINDOWS\System32\kernel.appcore.dll
0x00007ffe59130000 - 0x00007ffe5914f000 	C:\WINDOWS\System32\profapi.dll
0x00007ffe59090000 - 0x00007ffe590dc000 	C:\WINDOWS\System32\powrprof.dll
0x00007ffe590e0000 - 0x00007ffe590ea000 	C:\WINDOWS\System32\FLTLIB.DLL
0x00007ffe46b30000 - 0x00007ffe46b7a000 	C:\Users\yLIEx\Documents\NetBeansProjects\ntrusign\Project2.dll
0x00007ffe2eb30000 - 0x00007ffe2edfd000 	C:\WINDOWS\SYSTEM32\libcrypto-1_1-x64.dll
0x00007ffe46b00000 - 0x00007ffe46b22000 	C:\WINDOWS\SYSTEM32\VCRUNTIME140D.dll
0x00007ffe2fe80000 - 0x00007ffe3003d000 	C:\WINDOWS\SYSTEM32\ucrtbased.dll
0x00007ffe2e770000 - 0x00007ffe2e85f000 	C:\WINDOWS\SYSTEM32\MSVCR120.dll
0x00007ffe4c370000 - 0x00007ffe4c539000 	C:\WINDOWS\SYSTEM32\dbghelp.dll

VM Arguments:
jvm_args: -Dfile.encoding=UTF-8 
java_command: ntrusign.asu
java_class_path (initial): C:\Users\yLIEx\Documents\NetBeansProjects\ntrusign\build\classes
Launcher Type: SUN_STANDARD

Environment Variables:
JAVA_HOME=C:\Program Files\Java\jdk1.8.0_181
CLASSPATH=C:\Program Files\Java\jdk1.8.0_181\lib
PATH=C:\Program Files (x86)\Common Files\Oracle\Java\javapath;C:\Windows\system32;C:\Windows;C:\Windows\System32\Wbem;C:\Windows\System32\WindowsPowerShell\v1.0\;C:\dev\nvm;C:\Program Files\nodejs;C:\WINDOWS\system32;C:\WINDOWS;C:\WINDOWS\System32\Wbem;C:\WINDOWS\System32\WindowsPowerShell\v1.0\;C:\WINDOWS\System32\OpenSSH\;C:\Users\yLIEx\AppData\Local\Microsoft\WindowsApps;C:\Users\yLIEx\AppData\Local\atom\bin;C:\Program Files\Java\jdk1.8.0_181\bin;
USERNAME=yLIEx
OS=Windows_NT
PROCESSOR_IDENTIFIER=Intel64 Family 6 Model 94 Stepping 3, GenuineIntel



---------------  S Y S T E M  ---------------

OS: Windows 10.0 , 64 bit Build 17134 (10.0.17134.1)

CPU:total 8 (initial active 8) (4 cores per cpu, 2 threads per core) family 6 model 94 stepping 3, cmov, cx8, fxsr, mmx, sse, sse2, sse3, ssse3, sse4.1, sse4.2, popcnt, avx, avx2, aes, clmul, erms, rtm, 3dnowpref, lzcnt, ht, tsc, tscinvbit, bmi1, bmi2, adx

Memory: 4k page, physical 16664616k(8250412k free), swap 19154984k(8781596k free)

vm_info: Java HotSpot(TM) 64-Bit Server VM (25.181-b13) for windows-amd64 JRE (1.8.0_181-b13), built on Jul  7 2018 04:01:33 by "java_re" with MS VC++ 10.0 (VS2010)

time: Thu Sep 06 21:18:55 2018
elapsed time: 0 seconds (0d 0h 0m 0s)

