c:\users\asu\desktop\yx\java\win\project2(c源码与接口)\project2\x64\debug\vc141.pdb
c:\users\asu\desktop\yx\java\win\project2(c源码与接口)\project2\x64\debug\vc141.idb
c:\users\asu\desktop\yx\java\win\project2(c源码与接口)\project2\x64\debug\sign.obj
c:\users\asu\desktop\yx\java\win\project2(c源码与接口)\project2\x64\debug\shred.obj
c:\users\asu\desktop\yx\java\win\project2(c源码与接口)\project2\x64\debug\sha3.obj
c:\users\asu\desktop\yx\java\win\project2(c源码与接口)\project2\x64\debug\rng.obj
c:\users\asu\desktop\yx\java\win\project2(c源码与接口)\project2\x64\debug\project2.obj
c:\users\asu\desktop\yx\java\win\project2(c源码与接口)\project2\x64\debug\pqntrusign.obj
c:\users\asu\desktop\yx\java\win\project2(c源码与接口)\project2\x64\debug\pqcgenkat_sign.obj
c:\users\asu\desktop\yx\java\win\project2(c源码与接口)\project2\x64\debug\poly.obj
c:\users\asu\desktop\yx\java\win\project2(c源码与接口)\project2\x64\debug\param.obj
c:\users\asu\desktop\yx\java\win\project2(c源码与接口)\project2\x64\debug\packing.obj
c:\users\asu\desktop\yx\java\win\project2(c源码与接口)\project2\x64\debug\ntt.obj
c:\users\asu\desktop\yx\java\win\project2(c源码与接口)\project2\x64\debug\misc.obj
c:\users\asu\desktop\yx\java\win\project2(c源码与接口)\project2\x64\debug\fastrandombytes.obj
c:\users\asu\desktop\yx\java\win\project2(c源码与接口)\project2\x64\debug\dgs.obj
c:\users\asu\desktop\yx\java\win\project2(c源码与接口)\project2\x64\debug\crypto_stream.obj
c:\users\asu\desktop\yx\java\win\project2(c源码与接口)\project2\x64\debug\crypto_sha3_512.obj
c:\users\asu\desktop\yx\java\win\project2(c源码与接口)\x64\debug\project2.ilk
c:\users\asu\desktop\yx\java\win\project2(c源码与接口)\x64\debug\project2.dll
c:\users\asu\desktop\yx\java\win\project2(c源码与接口)\x64\debug\project2.pdb
c:\users\asu\desktop\yx\java\win\project2(c源码与接口)\x64\debug\project2.lib
c:\users\asu\desktop\yx\java\win\project2(c源码与接口)\x64\debug\project2.exp
c:\users\asu\desktop\yx\java\win\project2(c源码与接口)\project2\x64\debug\project2.tlog\cl.command.1.tlog
c:\users\asu\desktop\yx\java\win\project2(c源码与接口)\project2\x64\debug\project2.tlog\cl.read.1.tlog
c:\users\asu\desktop\yx\java\win\project2(c源码与接口)\project2\x64\debug\project2.tlog\cl.write.1.tlog
c:\users\asu\desktop\yx\java\win\project2(c源码与接口)\project2\x64\debug\project2.tlog\link.command.1.tlog
c:\users\asu\desktop\yx\java\win\project2(c源码与接口)\project2\x64\debug\project2.tlog\link.delete.1.tlog
c:\users\asu\desktop\yx\java\win\project2(c源码与接口)\project2\x64\debug\project2.tlog\link.read.1.tlog
c:\users\asu\desktop\yx\java\win\project2(c源码与接口)\project2\x64\debug\project2.tlog\link.write.1.tlog
c:\users\asu\desktop\yx\java\win\project2(c源码与接口)\project2\x64\debug\project2.tlog\project2.write.1u.tlog
