#
# A fatal error has been detected by the Java Runtime Environment:
#
#  SIGSEGV (0xb) at pc=0x00007f86a529fa76, pid=22660, tid=0x00007f86c3fb3700
#
# JRE version: Java(TM) SE Runtime Environment (8.0_144-b01) (build 1.8.0_144-b01)
# Java VM: Java HotSpot(TM) 64-Bit Server VM (25.144-b01 mixed mode linux-amd64 compressed oops)
# Problematic frame:
# C  [libntrusign.so+0x5a76]  unpack_public_key+0x35
#
# Failed to write core dump. Core dumps have been disabled. To enable core dumping, try "ulimit -c unlimited" before starting Java again
#
# If you would like to submit a bug report, please visit:
#   http://bugreport.java.com/bugreport/crash.jsp
# The crash happened outside the Java Virtual Machine in native code.
# See problematic frame for where to report the bug.
#

---------------  T H R E A D  ---------------

Current thread (0x00007f86bc009800):  JavaThread "main" [_thread_in_native, id=22666, stack(0x00007f86c3eb3000,0x00007f86c3fb4000)]

siginfo: si_signo: 11 (SIGSEGV), si_code: 1 (SEGV_MAPERR), si_addr: 0x0000000000000016

Registers:
RAX=0x0000000000000000, RBX=0x00007f86acc01288, RCX=0x00007f86a54a4d38, RDX=0x00007f86bc151781
RSP=0x00007f86c3fb2710, RBP=0x00007f86c3fb2730, RSI=0x00007f86a54a4d38, RDI=0x0000000000000042
R8 =0x00007f86bc151780, R9 =0x0000000000000000, R10=0x000000000000005d, R11=0x00007f86a529fa41
R12=0x0000000000000000, R13=0x00007f86acc01288, R14=0x00007f86c3fb28d0, R15=0x00007f86bc009800
RIP=0x00007f86a529fa76, EFLAGS=0x0000000000010246, CSGSFS=0x002b000000000033, ERR=0x0000000000000004
  TRAPNO=0x000000000000000e

Top of Stack: (sp=0x00007f86c3fb2710)
0x00007f86c3fb2710:   0000000000000000 00007f86bc166ab0
0x00007f86c3fb2720:   0000000000000000 00007f86bc151780
0x00007f86c3fb2730:   00007f86c3fb27b0 00007f86a52a337e
0x00007f86c3fb2740:   00007f86c3fb27b0 00007f86bc151780
0x00007f86c3fb2750:   000000000000083c 00007f86bc12cbe0
0x00007f86c3fb2760:   00007f86a54aad50 00007f86bc152250
0x00007f86c3fb2770:   00007f86a54a4d38 00007f86bc152aa0
0x00007f86c3fb2780:   00007f86bc160ab0 00007f86bc160ab0
0x00007f86c3fb2790:   00007f86bc162ab0 00007f86bc164ab0
0x00007f86c3fb27a0:   00007f86bc166ab0 00007f86bc168ab0
0x00007f86c3fb27b0:   00007f86c3fb2820 00007f86a529edec
0x00007f86c3fb27c0:   00007f86c3fb2800 00007f86c3fb28b8
0x00007f86c3fb27d0:   00007f86c3fb28c0 00007f86c3fb28c8
0x00007f86c3fb27e0:   00007f86c3fb28d0 00007f86bc0099f8
0x00007f86c3fb27f0:   00007f86bc009800 00007f86bc12cbe0
0x00007f86c3fb2800:   00007f86bc151780 00007f86bc12e930
0x00007f86c3fb2810:   000000000000002b 00007f86bc152250
0x00007f86c3fb2820:   00007f86c3fb2898 00007f86ad017a34
0x00007f86c3fb2830:   00007f86acc01288 0000000000000000
0x00007f86c3fb2840:   00007f86c3fb2898 00007f86ad0177c7
0x00007f86c3fb2850:   00007f86ad017782 00007f86c3fb2858
0x00007f86c3fb2860:   00007f86acc01288 00007f86c3fb28d0
0x00007f86c3fb2870:   00007f86acc01550 0000000000000000
0x00007f86c3fb2880:   00007f86acc01288 0000000000000000
0x00007f86c3fb2890:   00007f86c3fb28b8 00007f86c3fb2918
0x00007f86c3fb28a0:   00007f86ad007d00 0000000000000000
0x00007f86c3fb28b0:   00007f86ad011536 00000000ebb61230
0x00007f86c3fb28c0:   00000000ebb5f190 00000000ebb5e8a8
0x00007f86c3fb28d0:   00000000eb8767a8 00007f86c3fb28d8
0x00007f86c3fb28e0:   00007f86acc00a9d 00007f86c3fb2988
0x00007f86c3fb28f0:   00007f86acc00bb0 0000000000000000
0x00007f86c3fb2900:   00007f86acc00b58 00007f86c3fb28b8 

Instructions: (pc=0x00007f86a529fa76)
0x00007f86a529fa56:   8b 45 f8 0f b6 00 0f b6 c0 89 c7 e8 aa c5 ff ff
0x00007f86a529fa66:   48 89 45 f0 48 8b 45 f8 48 8d 50 01 48 8b 45 f0
0x00007f86a529fa76:   0f b7 40 16 0f b7 c0 48 8b 4d e8 48 89 ce 89 c7
0x00007f86a529fa86:   e8 47 f8 ff ff b8 00 00 00 00 c9 c3 55 48 89 e5 

Register to memory mapping:

RAX=0x0000000000000000 is an unknown value
RBX={method} {0x00007f86acc01288} 'Verify' '([B[B[B)I' in 'ntrusign/Ntrusign'
RCX=0x00007f86a54a4d38: <offset 0x20ad38> in /home/amadeus/NetBeansProjects/ntrusign/libntrusign.so at 0x00007f86a529a000
RDX=0x00007f86bc151781 is an unknown value
RSP=0x00007f86c3fb2710 is pointing into the stack for thread: 0x00007f86bc009800
RBP=0x00007f86c3fb2730 is pointing into the stack for thread: 0x00007f86bc009800
RSI=0x00007f86a54a4d38: <offset 0x20ad38> in /home/amadeus/NetBeansProjects/ntrusign/libntrusign.so at 0x00007f86a529a000
RDI=0x0000000000000042 is an unknown value
R8 =0x00007f86bc151780 is an unknown value
R9 =0x0000000000000000 is an unknown value
R10=0x000000000000005d is an unknown value
R11=0x00007f86a529fa41: unpack_public_key+0 in /home/amadeus/NetBeansProjects/ntrusign/libntrusign.so at 0x00007f86a529a000
R12=0x0000000000000000 is an unknown value
R13={method} {0x00007f86acc01288} 'Verify' '([B[B[B)I' in 'ntrusign/Ntrusign'
R14=0x00007f86c3fb28d0 is pointing into the stack for thread: 0x00007f86bc009800
R15=0x00007f86bc009800 is a thread


Stack: [0x00007f86c3eb3000,0x00007f86c3fb4000],  sp=0x00007f86c3fb2710,  free space=1021k
Native frames: (J=compiled Java code, j=interpreted, Vv=VM code, C=native code)
C  [libntrusign.so+0x5a76]  unpack_public_key+0x35
C  [libntrusign.so+0x937e]  crypto_sign_open+0x18b
C  [libntrusign.so+0x4dec]  Java_ntrusign_Ntrusign_Verify+0x11a
j  ntrusign.Ntrusign.Verify([B[B[B)I+0
j  ntrusign.asu.main([Ljava/lang/String;)V+101
v  ~StubRoutines::call_stub
V  [libjvm.so+0x693e96]  JavaCalls::call_helper(JavaValue*, methodHandle*, JavaCallArguments*, Thread*)+0x1056
V  [libjvm.so+0x6d52b2]  jni_invoke_static(JNIEnv_*, JavaValue*, _jobject*, JNICallType, _jmethodID*, JNI_ArgumentPusher*, Thread*)+0x362
V  [libjvm.so+0x6f1b1a]  jni_CallStaticVoidMethod+0x17a
C  [libjli.so+0x7bdf]  JavaMain+0x81f
C  [libpthread.so.0+0x76ba]  start_thread+0xca

Java frames: (J=compiled Java code, j=interpreted, Vv=VM code)
j  ntrusign.Ntrusign.Verify([B[B[B)I+0
j  ntrusign.asu.main([Ljava/lang/String;)V+101
v  ~StubRoutines::call_stub

---------------  P R O C E S S  ---------------

Java Threads: ( => current thread )
  0x00007f86bc0d3800 JavaThread "Service Thread" daemon [_thread_blocked, id=22675, stack(0x00007f86a55ae000,0x00007f86a56af000)]
  0x00007f86bc0b7000 JavaThread "C1 CompilerThread1" daemon [_thread_blocked, id=22674, stack(0x00007f86a56af000,0x00007f86a57b0000)]
  0x00007f86bc0b4000 JavaThread "C2 CompilerThread0" daemon [_thread_blocked, id=22673, stack(0x00007f86a57b0000,0x00007f86a58b1000)]
  0x00007f86bc0b2800 JavaThread "Signal Dispatcher" daemon [_thread_blocked, id=22672, stack(0x00007f86a58b1000,0x00007f86a59b2000)]
  0x00007f86bc07f800 JavaThread "Finalizer" daemon [_thread_blocked, id=22671, stack(0x00007f86a5e3d000,0x00007f86a5f3e000)]
  0x00007f86bc07b000 JavaThread "Reference Handler" daemon [_thread_blocked, id=22670, stack(0x00007f86a5f3e000,0x00007f86a603f000)]
=>0x00007f86bc009800 JavaThread "main" [_thread_in_native, id=22666, stack(0x00007f86c3eb3000,0x00007f86c3fb4000)]

Other Threads:
  0x00007f86bc073800 VMThread [stack: 0x00007f86a603f000,0x00007f86a6140000] [id=22669]
  0x00007f86bc0d6800 WatcherThread [stack: 0x00007f86a54ad000,0x00007f86a55ae000] [id=22676]

VM state:not at safepoint (normal execution)

VM Mutex/Monitor currently owned by a thread: None

Heap:
 PSYoungGen      total 18432K, used 3568K [0x00000000eb800000, 0x00000000ecc80000, 0x0000000100000000)
  eden space 15872K, 22% used [0x00000000eb800000,0x00000000ebb7c388,0x00000000ec780000)
  from space 2560K, 0% used [0x00000000eca00000,0x00000000eca00000,0x00000000ecc80000)
  to   space 2560K, 0% used [0x00000000ec780000,0x00000000ec780000,0x00000000eca00000)
 ParOldGen       total 42496K, used 0K [0x00000000c2800000, 0x00000000c5180000, 0x00000000eb800000)
  object space 42496K, 0% used [0x00000000c2800000,0x00000000c2800000,0x00000000c5180000)
 Metaspace       used 2974K, capacity 4600K, committed 4864K, reserved 1056768K
  class space    used 324K, capacity 424K, committed 512K, reserved 1048576K

Card table byte_map: [0x00007f86c0a5f000,0x00007f86c0c4c000] byte_map_base: 0x00007f86c044b000

Marking Bits: (ParMarkBitMap*) 0x00007f86c337cdc0
 Begin Bits: [0x00007f86a6140000, 0x00007f86a70a0000)
 End Bits:   [0x00007f86a70a0000, 0x00007f86a8000000)

Polling page: 0x00007f86c3fce000

CodeCache: size=245760Kb used=1152Kb max_used=1152Kb free=244607Kb
 bounds [0x00007f86ad000000, 0x00007f86ad270000, 0x00007f86bc000000]
 total_blobs=272 nmethods=38 adapters=148
 compilation: enabled

Compilation events (10 events):
Event: 0.418 Thread 0x00007f86bc0b7000   32       3       java.lang.String::indexOf (7 bytes)
Event: 0.418 Thread 0x00007f86bc0b7000 nmethod 32 0x00007f86ad11d190 code [0x00007f86ad11d300, 0x00007f86ad11d508]
Event: 0.418 Thread 0x00007f86bc0b7000   34       3       java.util.HashMap::hash (20 bytes)
Event: 0.418 Thread 0x00007f86bc0b7000 nmethod 34 0x00007f86ad11d590 code [0x00007f86ad11d700, 0x00007f86ad11d948]
Event: 0.419 Thread 0x00007f86bc0b7000   35       3       org.apache.commons.codec.binary.BaseNCodec::ensureBufferSize (32 bytes)
Event: 0.419 Thread 0x00007f86bc0b7000 nmethod 35 0x00007f86ad11e190 code [0x00007f86ad11e300, 0x00007f86ad11e528]
Event: 0.420 Thread 0x00007f86bc0b7000   36       3       java.util.concurrent.ConcurrentHashMap::tabAt (21 bytes)
Event: 0.420 Thread 0x00007f86bc0b7000 nmethod 36 0x00007f86ad11e990 code [0x00007f86ad11eb00, 0x00007f86ad11ed30]
Event: 0.446 Thread 0x00007f86bc0b7000   38       3       sun.nio.cs.UTF_8$Encoder::encode (359 bytes)
Event: 0.447 Thread 0x00007f86bc0b7000 nmethod 38 0x00007f86ad11edd0 code [0x00007f86ad11efc0, 0x00007f86ad11fad8]

GC Heap History (0 events):
No events

Deoptimization events (0 events):
No events

Internal exceptions (2 events):
Event: 0.161 Thread 0x00007f86bc009800 Exception <a 'java/lang/NoSuchMethodError': Method sun.misc.Unsafe.defineClass(Ljava/lang/String;[BII)Ljava/lang/Class; name or signature does not match> (0x00000000eb807ca8) thrown at [/HUDSON3/workspace/8-2-build-linux-amd64/jdk8u144/9417/hotspot/src/sh
Event: 0.170 Thread 0x00007f86bc009800 Exception <a 'java/lang/NoSuchMethodError': Method sun.misc.Unsafe.prefetchRead(Ljava/lang/Object;J)V name or signature does not match> (0x00000000eb807f90) thrown at [/HUDSON3/workspace/8-2-build-linux-amd64/jdk8u144/9417/hotspot/src/share/vm/prims/jni.c

Events (10 events):
Event: 0.419 loading class org/apache/commons/codec/binary/StringUtils
Event: 0.419 loading class org/apache/commons/codec/binary/StringUtils done
Event: 0.419 loading class java/io/UnsupportedEncodingException
Event: 0.419 loading class java/io/IOException
Event: 0.420 loading class java/io/IOException done
Event: 0.420 loading class java/io/UnsupportedEncodingException done
Event: 0.420 loading class org/apache/commons/codec/Charsets
Event: 0.420 loading class org/apache/commons/codec/Charsets done
Event: 0.420 loading class sun/nio/cs/US_ASCII$Decoder
Event: 0.420 loading class sun/nio/cs/US_ASCII$Decoder done


Dynamic libraries:
00400000-00401000 r-xp 00000000 08:01 1336749                            /usr/lib/jdk/jdk1.8/bin/java
00600000-00601000 rw-p 00000000 08:01 1336749                            /usr/lib/jdk/jdk1.8/bin/java
0205a000-0207b000 rw-p 00000000 00:00 0                                  [heap]
c2800000-c5180000 rw-p 00000000 00:00 0 
c5180000-eb800000 ---p 00000000 00:00 0 
eb800000-ecc80000 rw-p 00000000 00:00 0 
ecc80000-100000000 ---p 00000000 00:00 0 
100000000-100080000 rw-p 00000000 00:00 0 
100080000-140000000 ---p 00000000 00:00 0 
7f8680000000-7f8680021000 rw-p 00000000 00:00 0 
7f8680021000-7f8684000000 ---p 00000000 00:00 0 
7f8684000000-7f8684021000 rw-p 00000000 00:00 0 
7f8684021000-7f8688000000 ---p 00000000 00:00 0 
7f8688000000-7f868804e000 rw-p 00000000 00:00 0 
7f868804e000-7f868c000000 ---p 00000000 00:00 0 
7f868c000000-7f868c161000 rw-p 00000000 00:00 0 
7f868c161000-7f8690000000 ---p 00000000 00:00 0 
7f8690000000-7f8690021000 rw-p 00000000 00:00 0 
7f8690021000-7f8694000000 ---p 00000000 00:00 0 
7f8694000000-7f8694021000 rw-p 00000000 00:00 0 
7f8694021000-7f8698000000 ---p 00000000 00:00 0 
7f8698000000-7f8698021000 rw-p 00000000 00:00 0 
7f8698021000-7f869c000000 ---p 00000000 00:00 0 
7f869c000000-7f869c021000 rw-p 00000000 00:00 0 
7f869c021000-7f86a0000000 ---p 00000000 00:00 0 
7f86a0000000-7f86a0021000 rw-p 00000000 00:00 0 
7f86a0021000-7f86a4000000 ---p 00000000 00:00 0 
7f86a4cbf000-7f86a4e56000 rw-p 00000000 00:00 0 
7f86a4e56000-7f86a5070000 r-xp 00000000 08:01 1074594                    /lib/x86_64-linux-gnu/libcrypto.so.1.0.0
7f86a5070000-7f86a526f000 ---p 0021a000 08:01 1074594                    /lib/x86_64-linux-gnu/libcrypto.so.1.0.0
7f86a526f000-7f86a528b000 r--p 00219000 08:01 1074594                    /lib/x86_64-linux-gnu/libcrypto.so.1.0.0
7f86a528b000-7f86a5297000 rw-p 00235000 08:01 1074594                    /lib/x86_64-linux-gnu/libcrypto.so.1.0.0
7f86a5297000-7f86a529a000 rw-p 00000000 00:00 0 
7f86a529a000-7f86a52a5000 r-xp 00000000 08:01 1201405                    /home/amadeus/NetBeansProjects/ntrusign/libntrusign.so
7f86a52a5000-7f86a54a4000 ---p 0000b000 08:01 1201405                    /home/amadeus/NetBeansProjects/ntrusign/libntrusign.so
7f86a54a4000-7f86a54a5000 r--p 0000a000 08:01 1201405                    /home/amadeus/NetBeansProjects/ntrusign/libntrusign.so
7f86a54a5000-7f86a54aa000 rw-p 0000b000 08:01 1201405                    /home/amadeus/NetBeansProjects/ntrusign/libntrusign.so
7f86a54aa000-7f86a54ad000 rw-p 00000000 00:00 0 
7f86a54ad000-7f86a54ae000 ---p 00000000 00:00 0 
7f86a54ae000-7f86a55ae000 rw-p 00000000 00:00 0 
7f86a55ae000-7f86a55b1000 ---p 00000000 00:00 0 
7f86a55b1000-7f86a56af000 rw-p 00000000 00:00 0 
7f86a56af000-7f86a56b2000 ---p 00000000 00:00 0 
7f86a56b2000-7f86a57b0000 rw-p 00000000 00:00 0 
7f86a57b0000-7f86a57b3000 ---p 00000000 00:00 0 
7f86a57b3000-7f86a58b1000 rw-p 00000000 00:00 0 
7f86a58b1000-7f86a58b4000 ---p 00000000 00:00 0 
7f86a58b4000-7f86a59b2000 rw-p 00000000 00:00 0 
7f86a59b2000-7f86a5e3d000 r--p 00000000 08:01 1311350                    /usr/lib/locale/locale-archive
7f86a5e3d000-7f86a5e40000 ---p 00000000 00:00 0 
7f86a5e40000-7f86a5f3e000 rw-p 00000000 00:00 0 
7f86a5f3e000-7f86a5f41000 ---p 00000000 00:00 0 
7f86a5f41000-7f86a603f000 rw-p 00000000 00:00 0 
7f86a603f000-7f86a6040000 ---p 00000000 00:00 0 
7f86a6040000-7f86a8000000 rw-p 00000000 00:00 0 
7f86a8000000-7f86a8021000 rw-p 00000000 00:00 0 
7f86a8021000-7f86ac000000 ---p 00000000 00:00 0 
7f86ac009000-7f86acc40000 rw-p 00000000 00:00 0 
7f86acc40000-7f86ad000000 ---p 00000000 00:00 0 
7f86ad000000-7f86ad270000 rwxp 00000000 00:00 0 
7f86ad270000-7f86bc000000 ---p 00000000 00:00 0 
7f86bc000000-7f86bc183000 rw-p 00000000 00:00 0 
7f86bc183000-7f86c0000000 ---p 00000000 00:00 0 
7f86c0067000-7f86c02d9000 rw-p 00000000 00:00 0 
7f86c02d9000-7f86c04b3000 r--s 03d4d000 08:01 1465083                    /usr/lib/jdk/jdk1.8/jre/lib/rt.jar
7f86c04b3000-7f86c0715000 rw-p 00000000 00:00 0 
7f86c0715000-7f86c0716000 ---p 00000000 00:00 0 
7f86c0716000-7f86c0816000 rw-p 00000000 00:00 0 
7f86c0816000-7f86c0817000 ---p 00000000 00:00 0 
7f86c0817000-7f86c092c000 rw-p 00000000 00:00 0 
7f86c092c000-7f86c0a5f000 ---p 00000000 00:00 0 
7f86c0a5f000-7f86c0a74000 rw-p 00000000 00:00 0 
7f86c0a74000-7f86c0ba7000 ---p 00000000 00:00 0 
7f86c0ba7000-7f86c0bb2000 rw-p 00000000 00:00 0 
7f86c0bb2000-7f86c0c4b000 ---p 00000000 00:00 0 
7f86c0c4b000-7f86c0c56000 rw-p 00000000 00:00 0 
7f86c0c56000-7f86c100c000 ---p 00000000 00:00 0 
7f86c100c000-7f86c1026000 r-xp 00000000 08:01 1465114                    /usr/lib/jdk/jdk1.8/jre/lib/amd64/libzip.so
7f86c1026000-7f86c1226000 ---p 0001a000 08:01 1465114                    /usr/lib/jdk/jdk1.8/jre/lib/amd64/libzip.so
7f86c1226000-7f86c1227000 rw-p 0001a000 08:01 1465114                    /usr/lib/jdk/jdk1.8/jre/lib/amd64/libzip.so
7f86c1227000-7f86c1232000 r-xp 00000000 08:01 1081089                    /lib/x86_64-linux-gnu/libnss_files-2.23.so
7f86c1232000-7f86c1431000 ---p 0000b000 08:01 1081089                    /lib/x86_64-linux-gnu/libnss_files-2.23.so
7f86c1431000-7f86c1432000 r--p 0000a000 08:01 1081089                    /lib/x86_64-linux-gnu/libnss_files-2.23.so
7f86c1432000-7f86c1433000 rw-p 0000b000 08:01 1081089                    /lib/x86_64-linux-gnu/libnss_files-2.23.so
7f86c1433000-7f86c1439000 rw-p 00000000 00:00 0 
7f86c1439000-7f86c1444000 r-xp 00000000 08:01 1081093                    /lib/x86_64-linux-gnu/libnss_nis-2.23.so
7f86c1444000-7f86c1643000 ---p 0000b000 08:01 1081093                    /lib/x86_64-linux-gnu/libnss_nis-2.23.so
7f86c1643000-7f86c1644000 r--p 0000a000 08:01 1081093                    /lib/x86_64-linux-gnu/libnss_nis-2.23.so
7f86c1644000-7f86c1645000 rw-p 0000b000 08:01 1081093                    /lib/x86_64-linux-gnu/libnss_nis-2.23.so
7f86c1645000-7f86c165b000 r-xp 00000000 08:01 1078861                    /lib/x86_64-linux-gnu/libnsl-2.23.so
7f86c165b000-7f86c185a000 ---p 00016000 08:01 1078861                    /lib/x86_64-linux-gnu/libnsl-2.23.so
7f86c185a000-7f86c185b000 r--p 00015000 08:01 1078861                    /lib/x86_64-linux-gnu/libnsl-2.23.so
7f86c185b000-7f86c185c000 rw-p 00016000 08:01 1078861                    /lib/x86_64-linux-gnu/libnsl-2.23.so
7f86c185c000-7f86c185e000 rw-p 00000000 00:00 0 
7f86c185e000-7f86c1866000 r-xp 00000000 08:01 1081084                    /lib/x86_64-linux-gnu/libnss_compat-2.23.so
7f86c1866000-7f86c1a65000 ---p 00008000 08:01 1081084                    /lib/x86_64-linux-gnu/libnss_compat-2.23.so
7f86c1a65000-7f86c1a66000 r--p 00007000 08:01 1081084                    /lib/x86_64-linux-gnu/libnss_compat-2.23.so
7f86c1a66000-7f86c1a67000 rw-p 00008000 08:01 1081084                    /lib/x86_64-linux-gnu/libnss_compat-2.23.so
7f86c1a67000-7f86c1a92000 r-xp 00000000 08:01 1465141                    /usr/lib/jdk/jdk1.8/jre/lib/amd64/libjava.so
7f86c1a92000-7f86c1c91000 ---p 0002b000 08:01 1465141                    /usr/lib/jdk/jdk1.8/jre/lib/amd64/libjava.so
7f86c1c91000-7f86c1c93000 rw-p 0002a000 08:01 1465141                    /usr/lib/jdk/jdk1.8/jre/lib/amd64/libjava.so
7f86c1c93000-7f86c1ca0000 r-xp 00000000 08:01 1465092                    /usr/lib/jdk/jdk1.8/jre/lib/amd64/libverify.so
7f86c1ca0000-7f86c1ea0000 ---p 0000d000 08:01 1465092                    /usr/lib/jdk/jdk1.8/jre/lib/amd64/libverify.so
7f86c1ea0000-7f86c1ea2000 rw-p 0000d000 08:01 1465092                    /usr/lib/jdk/jdk1.8/jre/lib/amd64/libverify.so
7f86c1ea2000-7f86c1ea9000 r-xp 00000000 08:01 1081094                    /lib/x86_64-linux-gnu/librt-2.23.so
7f86c1ea9000-7f86c20a8000 ---p 00007000 08:01 1081094                    /lib/x86_64-linux-gnu/librt-2.23.so
7f86c20a8000-7f86c20a9000 r--p 00006000 08:01 1081094                    /lib/x86_64-linux-gnu/librt-2.23.so
7f86c20a9000-7f86c20aa000 rw-p 00007000 08:01 1081094                    /lib/x86_64-linux-gnu/librt-2.23.so
7f86c20aa000-7f86c21b2000 r-xp 00000000 08:01 1078860                    /lib/x86_64-linux-gnu/libm-2.23.so
7f86c21b2000-7f86c23b1000 ---p 00108000 08:01 1078860                    /lib/x86_64-linux-gnu/libm-2.23.so
7f86c23b1000-7f86c23b2000 r--p 00107000 08:01 1078860                    /lib/x86_64-linux-gnu/libm-2.23.so
7f86c23b2000-7f86c23b3000 rw-p 00108000 08:01 1078860                    /lib/x86_64-linux-gnu/libm-2.23.so
7f86c23b3000-7f86c3086000 r-xp 00000000 08:01 1598460                    /usr/lib/jdk/jdk1.8/jre/lib/amd64/server/libjvm.so
7f86c3086000-7f86c3285000 ---p 00cd3000 08:01 1598460                    /usr/lib/jdk/jdk1.8/jre/lib/amd64/server/libjvm.so
7f86c3285000-7f86c335f000 rw-p 00cd2000 08:01 1598460                    /usr/lib/jdk/jdk1.8/jre/lib/amd64/server/libjvm.so
7f86c335f000-7f86c33aa000 rw-p 00000000 00:00 0 
7f86c33aa000-7f86c356a000 r-xp 00000000 08:01 1078864                    /lib/x86_64-linux-gnu/libc-2.23.so
7f86c356a000-7f86c376a000 ---p 001c0000 08:01 1078864                    /lib/x86_64-linux-gnu/libc-2.23.so
7f86c376a000-7f86c376e000 r--p 001c0000 08:01 1078864                    /lib/x86_64-linux-gnu/libc-2.23.so
7f86c376e000-7f86c3770000 rw-p 001c4000 08:01 1078864                    /lib/x86_64-linux-gnu/libc-2.23.so
7f86c3770000-7f86c3774000 rw-p 00000000 00:00 0 
7f86c3774000-7f86c3777000 r-xp 00000000 08:01 1078866                    /lib/x86_64-linux-gnu/libdl-2.23.so
7f86c3777000-7f86c3976000 ---p 00003000 08:01 1078866                    /lib/x86_64-linux-gnu/libdl-2.23.so
7f86c3976000-7f86c3977000 r--p 00002000 08:01 1078866                    /lib/x86_64-linux-gnu/libdl-2.23.so
7f86c3977000-7f86c3978000 rw-p 00003000 08:01 1078866                    /lib/x86_64-linux-gnu/libdl-2.23.so
7f86c3978000-7f86c398d000 r-xp 00000000 08:01 1336653                    /usr/lib/jdk/jdk1.8/lib/amd64/jli/libjli.so
7f86c398d000-7f86c3b8d000 ---p 00015000 08:01 1336653                    /usr/lib/jdk/jdk1.8/lib/amd64/jli/libjli.so
7f86c3b8d000-7f86c3b8e000 rw-p 00015000 08:01 1336653                    /usr/lib/jdk/jdk1.8/lib/amd64/jli/libjli.so
7f86c3b8e000-7f86c3ba6000 r-xp 00000000 08:01 1078863                    /lib/x86_64-linux-gnu/libpthread-2.23.so
7f86c3ba6000-7f86c3da5000 ---p 00018000 08:01 1078863                    /lib/x86_64-linux-gnu/libpthread-2.23.so
7f86c3da5000-7f86c3da6000 r--p 00017000 08:01 1078863                    /lib/x86_64-linux-gnu/libpthread-2.23.so
7f86c3da6000-7f86c3da7000 rw-p 00018000 08:01 1078863                    /lib/x86_64-linux-gnu/libpthread-2.23.so
7f86c3da7000-7f86c3dab000 rw-p 00000000 00:00 0 
7f86c3dab000-7f86c3dd1000 r-xp 00000000 08:01 1078862                    /lib/x86_64-linux-gnu/ld-2.23.so
7f86c3dda000-7f86c3eb3000 rw-p 00000000 00:00 0 
7f86c3eb3000-7f86c3eb6000 ---p 00000000 00:00 0 
7f86c3eb6000-7f86c3fb8000 rw-p 00000000 00:00 0 
7f86c3fbe000-7f86c3fc5000 r--s 0004b000 08:01 1201368                    /home/amadeus/NetBeansProjects/ntrusign/commons-codec-1.11.jar
7f86c3fc5000-7f86c3fcd000 rw-s 00000000 08:01 952235                     /tmp/hsperfdata_amadeus/22660
7f86c3fcd000-7f86c3fce000 rw-p 00000000 00:00 0 
7f86c3fce000-7f86c3fcf000 r--p 00000000 00:00 0 
7f86c3fcf000-7f86c3fd0000 rw-p 00000000 00:00 0 
7f86c3fd0000-7f86c3fd1000 r--p 00025000 08:01 1078862                    /lib/x86_64-linux-gnu/ld-2.23.so
7f86c3fd1000-7f86c3fd2000 rw-p 00026000 08:01 1078862                    /lib/x86_64-linux-gnu/ld-2.23.so
7f86c3fd2000-7f86c3fd3000 rw-p 00000000 00:00 0 
7ffd1ac06000-7ffd1ac27000 rw-p 00000000 00:00 0                          [stack]
7ffd1ac3c000-7ffd1ac3e000 r--p 00000000 00:00 0                          [vvar]
7ffd1ac3e000-7ffd1ac40000 r-xp 00000000 00:00 0                          [vdso]
ffffffffff600000-ffffffffff601000 r-xp 00000000 00:00 0                  [vsyscall]

VM Arguments:
jvm_args: -Dfile.encoding=UTF-8 
java_command: ntrusign.asu
java_class_path (initial): /home/amadeus/NetBeansProjects/ntrusign/commons-codec-1.11.jar:/home/amadeus/NetBeansProjects/ntrusign/build/classes
Launcher Type: SUN_STANDARD

Environment Variables:
JAVA_HOME=/usr/lib/jdk/jdk1.8
JRE_HOME=/usr/lib/jdk/jdk1.8/jre
CLASSPATH=.:/usr/lib/jdk/jdk1.8/lib:/usr/lib/jdk/jdk1.8/jre/lib
PATH=/home/amadeus/bin:/home/amadeus/.local/bin:/home/amadeus/just/emscripten:.:/usr/lib/jdk/jdk1.8/bin:/usr/local/mpich/bin:/usr/local/sbin:/usr/local/bin:/usr/sbin:/usr/bin:/sbin:/bin:/usr/games:/usr/local/games:/snap/bin:/opt/hadoop/bin:/bin:/opt/hadoop/sbin
LD_LIBRARY_PATH=/usr/lib/jdk/jdk1.8/jre/lib/amd64:/usr/lib/jdk/jdk1.8/jre/lib/i386:
SHELL=/bin/bash
DISPLAY=:0

Signal Handlers:
SIGSEGV: [libjvm.so+0xacba10], sa_mask[0]=11111111011111111101111111111110, sa_flags=SA_RESTART|SA_SIGINFO
SIGBUS: [libjvm.so+0xacba10], sa_mask[0]=11111111011111111101111111111110, sa_flags=SA_RESTART|SA_SIGINFO
SIGFPE: [libjvm.so+0x924ba0], sa_mask[0]=11111111011111111101111111111110, sa_flags=SA_RESTART|SA_SIGINFO
SIGPIPE: [libjvm.so+0x924ba0], sa_mask[0]=11111111011111111101111111111110, sa_flags=SA_RESTART|SA_SIGINFO
SIGXFSZ: [libjvm.so+0x924ba0], sa_mask[0]=11111111011111111101111111111110, sa_flags=SA_RESTART|SA_SIGINFO
SIGILL: [libjvm.so+0x924ba0], sa_mask[0]=11111111011111111101111111111110, sa_flags=SA_RESTART|SA_SIGINFO
SIGUSR1: SIG_DFL, sa_mask[0]=00000000000000000000000000000000, sa_flags=none
SIGUSR2: [libjvm.so+0x9263e0], sa_mask[0]=00100000000000000000000000000000, sa_flags=SA_RESTART|SA_SIGINFO
SIGHUP: [libjvm.so+0x9277e0], sa_mask[0]=11111111011111111101111111111110, sa_flags=SA_RESTART|SA_SIGINFO
SIGINT: SIG_IGN, sa_mask[0]=00000000000000000000000000000000, sa_flags=none
SIGTERM: [libjvm.so+0x9277e0], sa_mask[0]=11111111011111111101111111111110, sa_flags=SA_RESTART|SA_SIGINFO
SIGQUIT: [libjvm.so+0x9277e0], sa_mask[0]=11111111011111111101111111111110, sa_flags=SA_RESTART|SA_SIGINFO


---------------  S Y S T E M  ---------------

OS:DISTRIB_ID=Ubuntu
DISTRIB_RELEASE=16.04
DISTRIB_CODENAME=xenial
DISTRIB_DESCRIPTION="Ubuntu 16.04.3 LTS"

uname:Linux 4.10.0-35-generic #39~16.04.1-Ubuntu SMP Wed Sep 13 09:02:42 UTC 2017 x86_64
libc:glibc 2.23 NPTL 2.23 
rlimit: STACK 8192k, CORE 0k, NPROC 15550, NOFILE 1048576, AS infinity
load average:0.23 0.35 0.26

/proc/meminfo:
MemTotal:        4025500 kB
MemFree:          118236 kB
MemAvailable:     575244 kB
Buffers:           44796 kB
Cached:           630312 kB
SwapCached:         1784 kB
Active:          2517020 kB
Inactive:         818056 kB
Active(anon):    2168816 kB
Inactive(anon):   548464 kB
Active(file):     348204 kB
Inactive(file):   269592 kB
Unevictable:          32 kB
Mlocked:              32 kB
SwapTotal:       2094076 kB
SwapFree:        2048772 kB
Dirty:               188 kB
Writeback:             0 kB
AnonPages:       2568120 kB
Mapped:           295324 kB
Shmem:             57372 kB
Slab:             142020 kB
SReclaimable:      88548 kB
SUnreclaim:        53472 kB
KernelStack:       12440 kB
PageTables:        39724 kB
NFS_Unstable:          0 kB
Bounce:                0 kB
WritebackTmp:          0 kB
CommitLimit:     4106824 kB
Committed_AS:    6247504 kB
VmallocTotal:   34359738367 kB
VmallocUsed:           0 kB
VmallocChunk:          0 kB
HardwareCorrupted:     0 kB
AnonHugePages:   1558528 kB
ShmemHugePages:        0 kB
ShmemPmdMapped:        0 kB
CmaTotal:              0 kB
CmaFree:               0 kB
HugePages_Total:       0
HugePages_Free:        0
HugePages_Rsvd:        0
HugePages_Surp:        0
Hugepagesize:       2048 kB
DirectMap4k:      132992 kB
DirectMap2M:     4061184 kB
DirectMap1G:     2097152 kB


CPU:total 2 (initial active 2) (1 cores per cpu, 1 threads per core) family 6 model 94 stepping 3, cmov, cx8, fxsr, mmx, sse, sse2, sse3, ssse3, sse4.1, sse4.2, popcnt, avx, avx2, aes, clmul, erms, rtm, 3dnowpref, lzcnt, tsc, tscinvbit, bmi1, bmi2, adx

/proc/cpuinfo:
processor	: 0
vendor_id	: GenuineIntel
cpu family	: 6
model		: 94
model name	: Intel(R) Core(TM) i7-6700 CPU @ 3.40GHz
stepping	: 3
microcode	: 0xbe
cpu MHz		: 3407.998
cache size	: 8192 KB
physical id	: 0
siblings	: 1
core id		: 0
cpu cores	: 1
apicid		: 0
initial apicid	: 0
fpu		: yes
fpu_exception	: yes
cpuid level	: 22
wp		: yes
flags		: fpu vme de pse tsc msr pae mce cx8 apic sep mtrr pge mca cmov pat pse36 clflush dts mmx fxsr sse sse2 ss syscall nx pdpe1gb rdtscp lm constant_tsc arch_perfmon pebs bts nopl xtopology tsc_reliable nonstop_tsc aperfmperf pni pclmulqdq ssse3 fma cx16 pcid sse4_1 sse4_2 x2apic movbe popcnt tsc_deadline_timer aes xsave avx f16c rdrand hypervisor lahf_lm abm 3dnowprefetch epb fsgsbase tsc_adjust bmi1 hle avx2 smep bmi2 invpcid rtm rdseed adx smap xsaveopt dtherm ida arat pln pts hwp hwp_notify hwp_act_window hwp_epp
bugs		:
bogomips	: 6815.99
clflush size	: 64
cache_alignment	: 64
address sizes	: 42 bits physical, 48 bits virtual
power management:

processor	: 1
vendor_id	: GenuineIntel
cpu family	: 6
model		: 94
model name	: Intel(R) Core(TM) i7-6700 CPU @ 3.40GHz
stepping	: 3
microcode	: 0xbe
cpu MHz		: 3407.998
cache size	: 8192 KB
physical id	: 2
siblings	: 1
core id		: 0
cpu cores	: 1
apicid		: 2
initial apicid	: 2
fpu		: yes
fpu_exception	: yes
cpuid level	: 22
wp		: yes
flags		: fpu vme de pse tsc msr pae mce cx8 apic sep mtrr pge mca cmov pat pse36 clflush dts mmx fxsr sse sse2 ss syscall nx pdpe1gb rdtscp lm constant_tsc arch_perfmon pebs bts nopl xtopology tsc_reliable nonstop_tsc aperfmperf pni pclmulqdq ssse3 fma cx16 pcid sse4_1 sse4_2 x2apic movbe popcnt tsc_deadline_timer aes xsave avx f16c rdrand hypervisor lahf_lm abm 3dnowprefetch epb fsgsbase tsc_adjust bmi1 hle avx2 smep bmi2 invpcid rtm rdseed adx smap xsaveopt dtherm ida arat pln pts hwp hwp_notify hwp_act_window hwp_epp
bugs		:
bogomips	: 6815.99
clflush size	: 64
cache_alignment	: 64
address sizes	: 42 bits physical, 48 bits virtual
power management:



Memory: 4k page, physical 4025500k(118236k free), swap 2094076k(2048772k free)

vm_info: Java HotSpot(TM) 64-Bit Server VM (25.144-b01) for linux-amd64 JRE (1.8.0_144-b01), built on Jul 21 2017 21:57:33 by "java_re" with gcc 4.3.0 20080428 (Red Hat 4.3.0-8)

time: Thu Nov  1 20:30:53 2018
elapsed time: 0 seconds (0d 0h 0m 0s)

