#
# A fatal error has been detected by the Java Runtime Environment:
#
#  SIGSEGV (0xb) at pc=0x00007f5783765ae2, pid=20182, tid=0x00007f57aa379700
#
# JRE version: Java(TM) SE Runtime Environment (8.0_144-b01) (build 1.8.0_144-b01)
# Java VM: Java HotSpot(TM) 64-Bit Server VM (25.144-b01 mixed mode linux-amd64 compressed oops)
# Problematic frame:
# C  [libntrusign.so+0x5ae2]  unpack_public_key+0x35
#
# Failed to write core dump. Core dumps have been disabled. To enable core dumping, try "ulimit -c unlimited" before starting Java again
#
# If you would like to submit a bug report, please visit:
#   http://bugreport.java.com/bugreport/crash.jsp
# The crash happened outside the Java Virtual Machine in native code.
# See problematic frame for where to report the bug.
#

---------------  T H R E A D  ---------------

Current thread (0x00007f57a4009800):  JavaThread "main" [_thread_in_native, id=20184, stack(0x00007f57aa279000,0x00007f57aa37a000)]

siginfo: si_signo: 11 (SIGSEGV), si_code: 1 (SEGV_MAPERR), si_addr: 0x0000000000000016

Registers:
RAX=0x0000000000000000, RBX=0x00007f57915d7288, RCX=0x00007f578396ad18, RDX=0x00007f57a41a2161
RSP=0x00007f57aa378710, RBP=0x00007f57aa378730, RSI=0x00007f578396ad18, RDI=0x0000000000000042
R8 =0x00007f57a41a2160, R9 =0x0000000000000000, R10=0x0000000000000060, R11=0x00007f5783765aad
R12=0x0000000000000000, R13=0x00007f57915d7288, R14=0x00007f57aa3788d0, R15=0x00007f57a4009800
RIP=0x00007f5783765ae2, EFLAGS=0x0000000000010246, CSGSFS=0x002b000000000033, ERR=0x0000000000000004
  TRAPNO=0x000000000000000e

Top of Stack: (sp=0x00007f57aa378710)
0x00007f57aa378710:   0000000000000000 00007f57a41b7490
0x00007f57aa378720:   0000000000000000 00007f57a41a2160
0x00007f57aa378730:   00007f57aa3787b0 00007f57837693ea
0x00007f57aa378740:   00007f57aa3787b0 00007f57a41a2160
0x00007f57aa378750:   000000000000083c 00007f57a41a1910
0x00007f57aa378760:   00007f5783970d50 00007f57a41a2c30
0x00007f57aa378770:   00007f578396ad18 00007f57a41a3480
0x00007f57aa378780:   00007f57a41b1490 00007f57a41b1490
0x00007f57aa378790:   00007f57a41b3490 00007f57a41b5490
0x00007f57aa3787a0:   00007f57a41b7490 00007f57a41b9490
0x00007f57aa3787b0:   00007f57aa378820 00007f5783764e95
0x00007f57aa3787c0:   00007f57aa378800 00007f57aa3788b8
0x00007f57aa3787d0:   00007f57aa3788c0 00007f57aa3788c8
0x00007f57aa3787e0:   00007f57aa3788d0 00007f57a40099f8
0x00007f57aa3787f0:   00007f57a4009800 00007f57a41a1910
0x00007f57aa378800:   00007f57a41a2160 00007f57a417ef50
0x00007f57aa378810:   000000000000002b 00007f57a41a2c30
0x00007f57aa378820:   00007f57aa378898 00007f5794390a34
0x00007f57aa378830:   00007f57915d7288 0000000000000000
0x00007f57aa378840:   00007f57aa378898 00007f57943907c7
0x00007f57aa378850:   00007f5794390782 00007f57aa378858
0x00007f57aa378860:   00007f57915d7288 00007f57aa3788d0
0x00007f57aa378870:   00007f57915d7550 0000000000000000
0x00007f57aa378880:   00007f57915d7288 0000000000000000
0x00007f57aa378890:   00007f57aa3788b8 00007f57aa378918
0x00007f57aa3788a0:   00007f5794380d00 0000000000000000
0x00007f57aa3788b0:   00007f579438a536 00000000ebb11c58
0x00007f57aa3788c0:   00000000ebb0fbb8 00000000ebb0f2d0
0x00007f57aa3788d0:   00000000eb8767a8 00007f57aa3788d8
0x00007f57aa3788e0:   00007f57915d6a9d 00007f57aa378988
0x00007f57aa3788f0:   00007f57915d6bb0 0000000000000000
0x00007f57aa378900:   00007f57915d6b58 00007f57aa3788b8 

Instructions: (pc=0x00007f5783765ae2)
0x00007f5783765ac2:   8b 45 f8 0f b6 00 0f b6 c0 89 c7 e8 de c5 ff ff
0x00007f5783765ad2:   48 89 45 f0 48 8b 45 f8 48 8d 50 01 48 8b 45 f0
0x00007f5783765ae2:   0f b7 40 16 0f b7 c0 48 8b 4d e8 48 89 ce 89 c7
0x00007f5783765af2:   e8 47 f8 ff ff b8 00 00 00 00 c9 c3 55 48 89 e5 

Register to memory mapping:

RAX=0x0000000000000000 is an unknown value
RBX={method} {0x00007f57915d7288} 'Verify' '([B[B[B)I' in 'ntrusign/Ntrusign'
RCX=0x00007f578396ad18: <offset 0x20ad18> in /home/amadeus/NetBeansProjects/ntrusign/libntrusign.so at 0x00007f5783760000
RDX=0x00007f57a41a2161 is an unknown value
RSP=0x00007f57aa378710 is pointing into the stack for thread: 0x00007f57a4009800
RBP=0x00007f57aa378730 is pointing into the stack for thread: 0x00007f57a4009800
RSI=0x00007f578396ad18: <offset 0x20ad18> in /home/amadeus/NetBeansProjects/ntrusign/libntrusign.so at 0x00007f5783760000
RDI=0x0000000000000042 is an unknown value
R8 =0x00007f57a41a2160 is an unknown value
R9 =0x0000000000000000 is an unknown value
R10=0x0000000000000060 is an unknown value
R11=0x00007f5783765aad: unpack_public_key+0 in /home/amadeus/NetBeansProjects/ntrusign/libntrusign.so at 0x00007f5783760000
R12=0x0000000000000000 is an unknown value
R13={method} {0x00007f57915d7288} 'Verify' '([B[B[B)I' in 'ntrusign/Ntrusign'
R14=0x00007f57aa3788d0 is pointing into the stack for thread: 0x00007f57a4009800
R15=0x00007f57a4009800 is a thread


Stack: [0x00007f57aa279000,0x00007f57aa37a000],  sp=0x00007f57aa378710,  free space=1021k
Native frames: (J=compiled Java code, j=interpreted, Vv=VM code, C=native code)
C  [libntrusign.so+0x5ae2]  unpack_public_key+0x35
C  [libntrusign.so+0x93ea]  crypto_sign_open+0x18b
C  [libntrusign.so+0x4e95]  Java_ntrusign_Ntrusign_Verify+0x11a
j  ntrusign.Ntrusign.Verify([B[B[B)I+0
j  ntrusign.asu.main([Ljava/lang/String;)V+101
v  ~StubRoutines::call_stub
V  [libjvm.so+0x693e96]  JavaCalls::call_helper(JavaValue*, methodHandle*, JavaCallArguments*, Thread*)+0x1056
V  [libjvm.so+0x6d52b2]  jni_invoke_static(JNIEnv_*, JavaValue*, _jobject*, JNICallType, _jmethodID*, JNI_ArgumentPusher*, Thread*)+0x362
V  [libjvm.so+0x6f1b1a]  jni_CallStaticVoidMethod+0x17a
C  [libjli.so+0x7bdf]  JavaMain+0x81f
C  [libpthread.so.0+0x76ba]  start_thread+0xca

Java frames: (J=compiled Java code, j=interpreted, Vv=VM code)
j  ntrusign.Ntrusign.Verify([B[B[B)I+0
j  ntrusign.asu.main([Ljava/lang/String;)V+101
v  ~StubRoutines::call_stub

---------------  P R O C E S S  ---------------

Java Threads: ( => current thread )
  0x00007f57a40cb800 JavaThread "Service Thread" daemon [_thread_blocked, id=20195, stack(0x00007f5783a74000,0x00007f5783b75000)]
  0x00007f57a40b7000 JavaThread "C1 CompilerThread1" daemon [_thread_blocked, id=20194, stack(0x00007f5790056000,0x00007f5790157000)]
  0x00007f57a40b4000 JavaThread "C2 CompilerThread0" daemon [_thread_blocked, id=20193, stack(0x00007f5790157000,0x00007f5790258000)]
  0x00007f57a40b2800 JavaThread "Signal Dispatcher" daemon [_thread_blocked, id=20192, stack(0x00007f5790258000,0x00007f5790359000)]
  0x00007f57a407f800 JavaThread "Finalizer" daemon [_thread_blocked, id=20191, stack(0x00007f5790359000,0x00007f579045a000)]
  0x00007f57a407b000 JavaThread "Reference Handler" daemon [_thread_blocked, id=20190, stack(0x00007f579045a000,0x00007f579055b000)]
=>0x00007f57a4009800 JavaThread "main" [_thread_in_native, id=20184, stack(0x00007f57aa279000,0x00007f57aa37a000)]

Other Threads:
  0x00007f57a4073800 VMThread [stack: 0x00007f579055b000,0x00007f579065c000] [id=20189]
  0x00007f57a40d6800 WatcherThread [stack: 0x00007f5783973000,0x00007f5783a74000] [id=20196]

VM state:not at safepoint (normal execution)

VM Mutex/Monitor currently owned by a thread: None

Heap:
 PSYoungGen      total 18432K, used 3568K [0x00000000eb800000, 0x00000000ecc80000, 0x0000000100000000)
  eden space 15872K, 22% used [0x00000000eb800000,0x00000000ebb7c3a8,0x00000000ec780000)
  from space 2560K, 0% used [0x00000000eca00000,0x00000000eca00000,0x00000000ecc80000)
  to   space 2560K, 0% used [0x00000000ec780000,0x00000000ec780000,0x00000000eca00000)
 ParOldGen       total 42496K, used 0K [0x00000000c2800000, 0x00000000c5180000, 0x00000000eb800000)
  object space 42496K, 0% used [0x00000000c2800000,0x00000000c2800000,0x00000000c5180000)
 Metaspace       used 2974K, capacity 4600K, committed 4864K, reserved 1056768K
  class space    used 324K, capacity 424K, committed 512K, reserved 1048576K

Card table byte_map: [0x00007f5793dcc000,0x00007f5793fb9000] byte_map_base: 0x00007f57937b8000

Marking Bits: (ParMarkBitMap*) 0x00007f57a9742dc0
 Begin Bits: [0x00007f5791bc2000, 0x00007f5792b22000)
 End Bits:   [0x00007f5792b22000, 0x00007f5793a82000)

Polling page: 0x00007f57aa394000

CodeCache: size=245760Kb used=1150Kb max_used=1150Kb free=244609Kb
 bounds [0x00007f5794379000, 0x00007f57945e9000, 0x00007f57a3379000]
 total_blobs=272 nmethods=38 adapters=148
 compilation: enabled

Compilation events (10 events):
Event: 0.156 Thread 0x00007f57a40b7000   32       3       java.lang.String::getChars (62 bytes)
Event: 0.157 Thread 0x00007f57a40b7000 nmethod 32 0x00007f5794495310 code [0x00007f57944954c0, 0x00007f57944958f8]
Event: 0.157 Thread 0x00007f57a40b7000   33       3       java.lang.String::indexOf (7 bytes)
Event: 0.157 Thread 0x00007f57a40b7000 nmethod 33 0x00007f5794495b10 code [0x00007f5794495c80, 0x00007f5794495e88]
Event: 0.157 Thread 0x00007f57a40b7000   34       3       java.util.HashMap::hash (20 bytes)
Event: 0.157 Thread 0x00007f57a40b7000 nmethod 34 0x00007f5794496110 code [0x00007f5794496280, 0x00007f57944964c8]
Event: 0.158 Thread 0x00007f57a40b7000   35       3       org.apache.commons.codec.binary.BaseNCodec::ensureBufferSize (32 bytes)
Event: 0.158 Thread 0x00007f57a40b7000 nmethod 35 0x00007f5794496d10 code [0x00007f5794496e80, 0x00007f57944970a8]
Event: 0.160 Thread 0x00007f57a40b7000   36       3       java.util.concurrent.ConcurrentHashMap::tabAt (21 bytes)
Event: 0.160 Thread 0x00007f57a40b7000 nmethod 36 0x00007f5794497510 code [0x00007f5794497680, 0x00007f57944978b0]

GC Heap History (0 events):
No events

Deoptimization events (0 events):
No events

Internal exceptions (2 events):
Event: 0.043 Thread 0x00007f57a4009800 Exception <a 'java/lang/NoSuchMethodError': Method sun.misc.Unsafe.defineClass(Ljava/lang/String;[BII)Ljava/lang/Class; name or signature does not match> (0x00000000eb807ca8) thrown at [/HUDSON3/workspace/8-2-build-linux-amd64/jdk8u144/9417/hotspot/src/sh
Event: 0.043 Thread 0x00007f57a4009800 Exception <a 'java/lang/NoSuchMethodError': Method sun.misc.Unsafe.prefetchRead(Ljava/lang/Object;J)V name or signature does not match> (0x00000000eb807f90) thrown at [/HUDSON3/workspace/8-2-build-linux-amd64/jdk8u144/9417/hotspot/src/share/vm/prims/jni.c

Events (10 events):
Event: 0.159 loading class org/apache/commons/codec/binary/StringUtils
Event: 0.159 loading class org/apache/commons/codec/binary/StringUtils done
Event: 0.160 loading class java/io/UnsupportedEncodingException
Event: 0.160 loading class java/io/IOException
Event: 0.160 loading class java/io/IOException done
Event: 0.160 loading class java/io/UnsupportedEncodingException done
Event: 0.160 loading class org/apache/commons/codec/Charsets
Event: 0.160 loading class org/apache/commons/codec/Charsets done
Event: 0.160 loading class sun/nio/cs/US_ASCII$Decoder
Event: 0.161 loading class sun/nio/cs/US_ASCII$Decoder done


Dynamic libraries:
00400000-00401000 r-xp 00000000 08:01 1336749                            /usr/lib/jdk/jdk1.8/bin/java
00600000-00601000 rw-p 00000000 08:01 1336749                            /usr/lib/jdk/jdk1.8/bin/java
00eac000-00ecd000 rw-p 00000000 00:00 0                                  [heap]
c2800000-c5180000 rw-p 00000000 00:00 0 
c5180000-eb800000 ---p 00000000 00:00 0 
eb800000-ecc80000 rw-p 00000000 00:00 0 
ecc80000-100000000 ---p 00000000 00:00 0 
100000000-100080000 rw-p 00000000 00:00 0 
100080000-140000000 ---p 00000000 00:00 0 
7f5760000000-7f5760021000 rw-p 00000000 00:00 0 
7f5760021000-7f5764000000 ---p 00000000 00:00 0 
7f5768000000-7f5768120000 rw-p 00000000 00:00 0 
7f5768120000-7f576c000000 ---p 00000000 00:00 0 
7f576c000000-7f576c021000 rw-p 00000000 00:00 0 
7f576c021000-7f5770000000 ---p 00000000 00:00 0 
7f5770000000-7f5770021000 rw-p 00000000 00:00 0 
7f5770021000-7f5774000000 ---p 00000000 00:00 0 
7f5774000000-7f5774046000 rw-p 00000000 00:00 0 
7f5774046000-7f5778000000 ---p 00000000 00:00 0 
7f5778000000-7f5778021000 rw-p 00000000 00:00 0 
7f5778021000-7f577c000000 ---p 00000000 00:00 0 
7f577c000000-7f577c021000 rw-p 00000000 00:00 0 
7f577c021000-7f5780000000 ---p 00000000 00:00 0 
7f5783095000-7f578331c000 rw-p 00000000 00:00 0 
7f578331c000-7f5783536000 r-xp 00000000 08:01 1074594                    /lib/x86_64-linux-gnu/libcrypto.so.1.0.0
7f5783536000-7f5783735000 ---p 0021a000 08:01 1074594                    /lib/x86_64-linux-gnu/libcrypto.so.1.0.0
7f5783735000-7f5783751000 r--p 00219000 08:01 1074594                    /lib/x86_64-linux-gnu/libcrypto.so.1.0.0
7f5783751000-7f578375d000 rw-p 00235000 08:01 1074594                    /lib/x86_64-linux-gnu/libcrypto.so.1.0.0
7f578375d000-7f5783760000 rw-p 00000000 00:00 0 
7f5783760000-7f578376b000 r-xp 00000000 08:01 1201358                    /home/amadeus/NetBeansProjects/ntrusign/libntrusign.so
7f578376b000-7f578396a000 ---p 0000b000 08:01 1201358                    /home/amadeus/NetBeansProjects/ntrusign/libntrusign.so
7f578396a000-7f578396b000 r--p 0000a000 08:01 1201358                    /home/amadeus/NetBeansProjects/ntrusign/libntrusign.so
7f578396b000-7f5783970000 rw-p 0000b000 08:01 1201358                    /home/amadeus/NetBeansProjects/ntrusign/libntrusign.so
7f5783970000-7f5783973000 rw-p 00000000 00:00 0 
7f5783973000-7f5783974000 ---p 00000000 00:00 0 
7f5783974000-7f5783a74000 rw-p 00000000 00:00 0 
7f5783a74000-7f5783a77000 ---p 00000000 00:00 0 
7f5783a77000-7f5783b75000 rw-p 00000000 00:00 0 
7f5783b75000-7f5784000000 r--p 00000000 08:01 1311350                    /usr/lib/locale/locale-archive
7f5784000000-7f5784021000 rw-p 00000000 00:00 0 
7f5784021000-7f5788000000 ---p 00000000 00:00 0 
7f5788000000-7f5788021000 rw-p 00000000 00:00 0 
7f5788021000-7f578c000000 ---p 00000000 00:00 0 
7f578c000000-7f578c021000 rw-p 00000000 00:00 0 
7f578c021000-7f5790000000 ---p 00000000 00:00 0 
7f5790056000-7f5790059000 ---p 00000000 00:00 0 
7f5790059000-7f5790157000 rw-p 00000000 00:00 0 
7f5790157000-7f579015a000 ---p 00000000 00:00 0 
7f579015a000-7f5790258000 rw-p 00000000 00:00 0 
7f5790258000-7f579025b000 ---p 00000000 00:00 0 
7f579025b000-7f5790359000 rw-p 00000000 00:00 0 
7f5790359000-7f579035c000 ---p 00000000 00:00 0 
7f579035c000-7f579045a000 rw-p 00000000 00:00 0 
7f579045a000-7f579045d000 ---p 00000000 00:00 0 
7f579045d000-7f579055b000 rw-p 00000000 00:00 0 
7f579055b000-7f579055c000 ---p 00000000 00:00 0 
7f579055c000-7f5790f86000 rw-p 00000000 00:00 0 
7f5790f86000-7f5791160000 r--s 03d4d000 08:01 1465083                    /usr/lib/jdk/jdk1.8/jre/lib/rt.jar
7f5791160000-7f5791616000 rw-p 00000000 00:00 0 
7f5791616000-7f57919d6000 ---p 00000000 00:00 0 
7f57919d6000-7f5793a82000 rw-p 00000000 00:00 0 
7f5793a82000-7f5793a83000 ---p 00000000 00:00 0 
7f5793a83000-7f5793b83000 rw-p 00000000 00:00 0 
7f5793b83000-7f5793b84000 ---p 00000000 00:00 0 
7f5793b84000-7f5793c99000 rw-p 00000000 00:00 0 
7f5793c99000-7f5793dcc000 ---p 00000000 00:00 0 
7f5793dcc000-7f5793de1000 rw-p 00000000 00:00 0 
7f5793de1000-7f5793f14000 ---p 00000000 00:00 0 
7f5793f14000-7f5793f1f000 rw-p 00000000 00:00 0 
7f5793f1f000-7f5793fb8000 ---p 00000000 00:00 0 
7f5793fb8000-7f5793fc3000 rw-p 00000000 00:00 0 
7f5793fc3000-7f5794379000 ---p 00000000 00:00 0 
7f5794379000-7f57945e9000 rwxp 00000000 00:00 0 
7f57945e9000-7f57a3379000 ---p 00000000 00:00 0 
7f57a3379000-7f57a3393000 r-xp 00000000 08:01 1465114                    /usr/lib/jdk/jdk1.8/jre/lib/amd64/libzip.so
7f57a3393000-7f57a3593000 ---p 0001a000 08:01 1465114                    /usr/lib/jdk/jdk1.8/jre/lib/amd64/libzip.so
7f57a3593000-7f57a3594000 rw-p 0001a000 08:01 1465114                    /usr/lib/jdk/jdk1.8/jre/lib/amd64/libzip.so
7f57a3594000-7f57a359f000 r-xp 00000000 08:01 1081089                    /lib/x86_64-linux-gnu/libnss_files-2.23.so
7f57a359f000-7f57a379e000 ---p 0000b000 08:01 1081089                    /lib/x86_64-linux-gnu/libnss_files-2.23.so
7f57a379e000-7f57a379f000 r--p 0000a000 08:01 1081089                    /lib/x86_64-linux-gnu/libnss_files-2.23.so
7f57a379f000-7f57a37a0000 rw-p 0000b000 08:01 1081089                    /lib/x86_64-linux-gnu/libnss_files-2.23.so
7f57a37a0000-7f57a37a6000 rw-p 00000000 00:00 0 
7f57a37a6000-7f57a37b1000 r-xp 00000000 08:01 1081093                    /lib/x86_64-linux-gnu/libnss_nis-2.23.so
7f57a37b1000-7f57a39b0000 ---p 0000b000 08:01 1081093                    /lib/x86_64-linux-gnu/libnss_nis-2.23.so
7f57a39b0000-7f57a39b1000 r--p 0000a000 08:01 1081093                    /lib/x86_64-linux-gnu/libnss_nis-2.23.so
7f57a39b1000-7f57a39b2000 rw-p 0000b000 08:01 1081093                    /lib/x86_64-linux-gnu/libnss_nis-2.23.so
7f57a39b2000-7f57a39c8000 r-xp 00000000 08:01 1078861                    /lib/x86_64-linux-gnu/libnsl-2.23.so
7f57a39c8000-7f57a3bc7000 ---p 00016000 08:01 1078861                    /lib/x86_64-linux-gnu/libnsl-2.23.so
7f57a3bc7000-7f57a3bc8000 r--p 00015000 08:01 1078861                    /lib/x86_64-linux-gnu/libnsl-2.23.so
7f57a3bc8000-7f57a3bc9000 rw-p 00016000 08:01 1078861                    /lib/x86_64-linux-gnu/libnsl-2.23.so
7f57a3bc9000-7f57a3bcb000 rw-p 00000000 00:00 0 
7f57a3bcb000-7f57a3bd3000 r-xp 00000000 08:01 1081084                    /lib/x86_64-linux-gnu/libnss_compat-2.23.so
7f57a3bd3000-7f57a3dd2000 ---p 00008000 08:01 1081084                    /lib/x86_64-linux-gnu/libnss_compat-2.23.so
7f57a3dd2000-7f57a3dd3000 r--p 00007000 08:01 1081084                    /lib/x86_64-linux-gnu/libnss_compat-2.23.so
7f57a3dd3000-7f57a3dd4000 rw-p 00008000 08:01 1081084                    /lib/x86_64-linux-gnu/libnss_compat-2.23.so
7f57a3dd4000-7f57a3dff000 r-xp 00000000 08:01 1465141                    /usr/lib/jdk/jdk1.8/jre/lib/amd64/libjava.so
7f57a3dff000-7f57a3ffe000 ---p 0002b000 08:01 1465141                    /usr/lib/jdk/jdk1.8/jre/lib/amd64/libjava.so
7f57a3ffe000-7f57a4000000 rw-p 0002a000 08:01 1465141                    /usr/lib/jdk/jdk1.8/jre/lib/amd64/libjava.so
7f57a4000000-7f57a41d4000 rw-p 00000000 00:00 0 
7f57a41d4000-7f57a8000000 ---p 00000000 00:00 0 
7f57a800a000-7f57a8059000 rw-p 00000000 00:00 0 
7f57a8059000-7f57a8066000 r-xp 00000000 08:01 1465092                    /usr/lib/jdk/jdk1.8/jre/lib/amd64/libverify.so
7f57a8066000-7f57a8266000 ---p 0000d000 08:01 1465092                    /usr/lib/jdk/jdk1.8/jre/lib/amd64/libverify.so
7f57a8266000-7f57a8268000 rw-p 0000d000 08:01 1465092                    /usr/lib/jdk/jdk1.8/jre/lib/amd64/libverify.so
7f57a8268000-7f57a826f000 r-xp 00000000 08:01 1081094                    /lib/x86_64-linux-gnu/librt-2.23.so
7f57a826f000-7f57a846e000 ---p 00007000 08:01 1081094                    /lib/x86_64-linux-gnu/librt-2.23.so
7f57a846e000-7f57a846f000 r--p 00006000 08:01 1081094                    /lib/x86_64-linux-gnu/librt-2.23.so
7f57a846f000-7f57a8470000 rw-p 00007000 08:01 1081094                    /lib/x86_64-linux-gnu/librt-2.23.so
7f57a8470000-7f57a8578000 r-xp 00000000 08:01 1078860                    /lib/x86_64-linux-gnu/libm-2.23.so
7f57a8578000-7f57a8777000 ---p 00108000 08:01 1078860                    /lib/x86_64-linux-gnu/libm-2.23.so
7f57a8777000-7f57a8778000 r--p 00107000 08:01 1078860                    /lib/x86_64-linux-gnu/libm-2.23.so
7f57a8778000-7f57a8779000 rw-p 00108000 08:01 1078860                    /lib/x86_64-linux-gnu/libm-2.23.so
7f57a8779000-7f57a944c000 r-xp 00000000 08:01 1598460                    /usr/lib/jdk/jdk1.8/jre/lib/amd64/server/libjvm.so
7f57a944c000-7f57a964b000 ---p 00cd3000 08:01 1598460                    /usr/lib/jdk/jdk1.8/jre/lib/amd64/server/libjvm.so
7f57a964b000-7f57a9725000 rw-p 00cd2000 08:01 1598460                    /usr/lib/jdk/jdk1.8/jre/lib/amd64/server/libjvm.so
7f57a9725000-7f57a9770000 rw-p 00000000 00:00 0 
7f57a9770000-7f57a9930000 r-xp 00000000 08:01 1078864                    /lib/x86_64-linux-gnu/libc-2.23.so
7f57a9930000-7f57a9b30000 ---p 001c0000 08:01 1078864                    /lib/x86_64-linux-gnu/libc-2.23.so
7f57a9b30000-7f57a9b34000 r--p 001c0000 08:01 1078864                    /lib/x86_64-linux-gnu/libc-2.23.so
7f57a9b34000-7f57a9b36000 rw-p 001c4000 08:01 1078864                    /lib/x86_64-linux-gnu/libc-2.23.so
7f57a9b36000-7f57a9b3a000 rw-p 00000000 00:00 0 
7f57a9b3a000-7f57a9b3d000 r-xp 00000000 08:01 1078866                    /lib/x86_64-linux-gnu/libdl-2.23.so
7f57a9b3d000-7f57a9d3c000 ---p 00003000 08:01 1078866                    /lib/x86_64-linux-gnu/libdl-2.23.so
7f57a9d3c000-7f57a9d3d000 r--p 00002000 08:01 1078866                    /lib/x86_64-linux-gnu/libdl-2.23.so
7f57a9d3d000-7f57a9d3e000 rw-p 00003000 08:01 1078866                    /lib/x86_64-linux-gnu/libdl-2.23.so
7f57a9d3e000-7f57a9d53000 r-xp 00000000 08:01 1336653                    /usr/lib/jdk/jdk1.8/lib/amd64/jli/libjli.so
7f57a9d53000-7f57a9f53000 ---p 00015000 08:01 1336653                    /usr/lib/jdk/jdk1.8/lib/amd64/jli/libjli.so
7f57a9f53000-7f57a9f54000 rw-p 00015000 08:01 1336653                    /usr/lib/jdk/jdk1.8/lib/amd64/jli/libjli.so
7f57a9f54000-7f57a9f6c000 r-xp 00000000 08:01 1078863                    /lib/x86_64-linux-gnu/libpthread-2.23.so
7f57a9f6c000-7f57aa16b000 ---p 00018000 08:01 1078863                    /lib/x86_64-linux-gnu/libpthread-2.23.so
7f57aa16b000-7f57aa16c000 r--p 00017000 08:01 1078863                    /lib/x86_64-linux-gnu/libpthread-2.23.so
7f57aa16c000-7f57aa16d000 rw-p 00018000 08:01 1078863                    /lib/x86_64-linux-gnu/libpthread-2.23.so
7f57aa16d000-7f57aa171000 rw-p 00000000 00:00 0 
7f57aa171000-7f57aa197000 r-xp 00000000 08:01 1078862                    /lib/x86_64-linux-gnu/ld-2.23.so
7f57aa1a0000-7f57aa279000 rw-p 00000000 00:00 0 
7f57aa279000-7f57aa27c000 ---p 00000000 00:00 0 
7f57aa27c000-7f57aa37e000 rw-p 00000000 00:00 0 
7f57aa384000-7f57aa38b000 r--s 0004b000 08:01 1201368                    /home/amadeus/NetBeansProjects/ntrusign/commons-codec-1.11.jar
7f57aa38b000-7f57aa393000 rw-s 00000000 08:01 952507                     /tmp/hsperfdata_amadeus/20182
7f57aa393000-7f57aa394000 rw-p 00000000 00:00 0 
7f57aa394000-7f57aa395000 r--p 00000000 00:00 0 
7f57aa395000-7f57aa396000 rw-p 00000000 00:00 0 
7f57aa396000-7f57aa397000 r--p 00025000 08:01 1078862                    /lib/x86_64-linux-gnu/ld-2.23.so
7f57aa397000-7f57aa398000 rw-p 00026000 08:01 1078862                    /lib/x86_64-linux-gnu/ld-2.23.so
7f57aa398000-7f57aa399000 rw-p 00000000 00:00 0 
7ffe9f156000-7ffe9f177000 rw-p 00000000 00:00 0                          [stack]
7ffe9f195000-7ffe9f197000 r--p 00000000 00:00 0                          [vvar]
7ffe9f197000-7ffe9f199000 r-xp 00000000 00:00 0                          [vdso]
ffffffffff600000-ffffffffff601000 r-xp 00000000 00:00 0                  [vsyscall]

VM Arguments:
jvm_args: -Dfile.encoding=UTF-8 
java_command: ntrusign.asu
java_class_path (initial): /home/amadeus/NetBeansProjects/ntrusign/commons-codec-1.11.jar:/home/amadeus/NetBeansProjects/ntrusign/build/classes
Launcher Type: SUN_STANDARD

Environment Variables:
JAVA_HOME=/usr/lib/jdk/jdk1.8
JRE_HOME=/usr/lib/jdk/jdk1.8/jre
CLASSPATH=.:/usr/lib/jdk/jdk1.8/lib:/usr/lib/jdk/jdk1.8/jre/lib
PATH=/home/amadeus/bin:/home/amadeus/.local/bin:/home/amadeus/just/emscripten:.:/usr/lib/jdk/jdk1.8/bin:/usr/local/mpich/bin:/usr/local/sbin:/usr/local/bin:/usr/sbin:/usr/bin:/sbin:/bin:/usr/games:/usr/local/games:/snap/bin:/opt/hadoop/bin:/bin:/opt/hadoop/sbin
LD_LIBRARY_PATH=/usr/lib/jdk/jdk1.8/jre/lib/amd64:/usr/lib/jdk/jdk1.8/jre/lib/i386:
SHELL=/bin/bash
DISPLAY=:0

Signal Handlers:
SIGSEGV: [libjvm.so+0xacba10], sa_mask[0]=11111111011111111101111111111110, sa_flags=SA_RESTART|SA_SIGINFO
SIGBUS: [libjvm.so+0xacba10], sa_mask[0]=11111111011111111101111111111110, sa_flags=SA_RESTART|SA_SIGINFO
SIGFPE: [libjvm.so+0x924ba0], sa_mask[0]=11111111011111111101111111111110, sa_flags=SA_RESTART|SA_SIGINFO
SIGPIPE: [libjvm.so+0x924ba0], sa_mask[0]=11111111011111111101111111111110, sa_flags=SA_RESTART|SA_SIGINFO
SIGXFSZ: [libjvm.so+0x924ba0], sa_mask[0]=11111111011111111101111111111110, sa_flags=SA_RESTART|SA_SIGINFO
SIGILL: [libjvm.so+0x924ba0], sa_mask[0]=11111111011111111101111111111110, sa_flags=SA_RESTART|SA_SIGINFO
SIGUSR1: SIG_DFL, sa_mask[0]=00000000000000000000000000000000, sa_flags=none
SIGUSR2: [libjvm.so+0x9263e0], sa_mask[0]=00100000000000000000000000000000, sa_flags=SA_RESTART|SA_SIGINFO
SIGHUP: [libjvm.so+0x9277e0], sa_mask[0]=11111111011111111101111111111110, sa_flags=SA_RESTART|SA_SIGINFO
SIGINT: SIG_IGN, sa_mask[0]=00000000000000000000000000000000, sa_flags=none
SIGTERM: [libjvm.so+0x9277e0], sa_mask[0]=11111111011111111101111111111110, sa_flags=SA_RESTART|SA_SIGINFO
SIGQUIT: [libjvm.so+0x9277e0], sa_mask[0]=11111111011111111101111111111110, sa_flags=SA_RESTART|SA_SIGINFO


---------------  S Y S T E M  ---------------

OS:DISTRIB_ID=Ubuntu
DISTRIB_RELEASE=16.04
DISTRIB_CODENAME=xenial
DISTRIB_DESCRIPTION="Ubuntu 16.04.3 LTS"

uname:Linux 4.10.0-35-generic #39~16.04.1-Ubuntu SMP Wed Sep 13 09:02:42 UTC 2017 x86_64
libc:glibc 2.23 NPTL 2.23 
rlimit: STACK 8192k, CORE 0k, NPROC 15550, NOFILE 1048576, AS infinity
load average:0.32 0.21 0.16

/proc/meminfo:
MemTotal:        4025500 kB
MemFree:          354340 kB
MemAvailable:     934396 kB
Buffers:           43400 kB
Cached:           734736 kB
SwapCached:           92 kB
Active:          2276544 kB
Inactive:         839644 kB
Active(anon):    1911616 kB
Inactive(anon):   480052 kB
Active(file):     364928 kB
Inactive(file):   359592 kB
Unevictable:          32 kB
Mlocked:              32 kB
SwapTotal:       2094076 kB
SwapFree:        2069524 kB
Dirty:               252 kB
Writeback:             0 kB
AnonPages:       2273092 kB
Mapped:           335456 kB
Shmem:             53468 kB
Slab:             174724 kB
SReclaimable:     121196 kB
SUnreclaim:        53528 kB
KernelStack:       11716 kB
PageTables:        37584 kB
NFS_Unstable:          0 kB
Bounce:                0 kB
WritebackTmp:          0 kB
CommitLimit:     4106824 kB
Committed_AS:    5726616 kB
VmallocTotal:   34359738367 kB
VmallocUsed:           0 kB
VmallocChunk:          0 kB
HardwareCorrupted:     0 kB
AnonHugePages:   1384448 kB
ShmemHugePages:        0 kB
ShmemPmdMapped:        0 kB
CmaTotal:              0 kB
CmaFree:               0 kB
HugePages_Total:       0
HugePages_Free:        0
HugePages_Rsvd:        0
HugePages_Surp:        0
Hugepagesize:       2048 kB
DirectMap4k:      128896 kB
DirectMap2M:     4065280 kB
DirectMap1G:     2097152 kB


CPU:total 2 (initial active 2) (1 cores per cpu, 1 threads per core) family 6 model 94 stepping 3, cmov, cx8, fxsr, mmx, sse, sse2, sse3, ssse3, sse4.1, sse4.2, popcnt, avx, avx2, aes, clmul, erms, rtm, 3dnowpref, lzcnt, tsc, tscinvbit, bmi1, bmi2, adx

/proc/cpuinfo:
processor	: 0
vendor_id	: GenuineIntel
cpu family	: 6
model		: 94
model name	: Intel(R) Core(TM) i7-6700 CPU @ 3.40GHz
stepping	: 3
microcode	: 0xbe
cpu MHz		: 3407.998
cache size	: 8192 KB
physical id	: 0
siblings	: 1
core id		: 0
cpu cores	: 1
apicid		: 0
initial apicid	: 0
fpu		: yes
fpu_exception	: yes
cpuid level	: 22
wp		: yes
flags		: fpu vme de pse tsc msr pae mce cx8 apic sep mtrr pge mca cmov pat pse36 clflush dts mmx fxsr sse sse2 ss syscall nx pdpe1gb rdtscp lm constant_tsc arch_perfmon pebs bts nopl xtopology tsc_reliable nonstop_tsc aperfmperf pni pclmulqdq ssse3 fma cx16 pcid sse4_1 sse4_2 x2apic movbe popcnt tsc_deadline_timer aes xsave avx f16c rdrand hypervisor lahf_lm abm 3dnowprefetch epb fsgsbase tsc_adjust bmi1 hle avx2 smep bmi2 invpcid rtm rdseed adx smap xsaveopt dtherm ida arat pln pts hwp hwp_notify hwp_act_window hwp_epp
bugs		:
bogomips	: 6815.99
clflush size	: 64
cache_alignment	: 64
address sizes	: 42 bits physical, 48 bits virtual
power management:

processor	: 1
vendor_id	: GenuineIntel
cpu family	: 6
model		: 94
model name	: Intel(R) Core(TM) i7-6700 CPU @ 3.40GHz
stepping	: 3
microcode	: 0xbe
cpu MHz		: 3407.998
cache size	: 8192 KB
physical id	: 2
siblings	: 1
core id		: 0
cpu cores	: 1
apicid		: 2
initial apicid	: 2
fpu		: yes
fpu_exception	: yes
cpuid level	: 22
wp		: yes
flags		: fpu vme de pse tsc msr pae mce cx8 apic sep mtrr pge mca cmov pat pse36 clflush dts mmx fxsr sse sse2 ss syscall nx pdpe1gb rdtscp lm constant_tsc arch_perfmon pebs bts nopl xtopology tsc_reliable nonstop_tsc aperfmperf pni pclmulqdq ssse3 fma cx16 pcid sse4_1 sse4_2 x2apic movbe popcnt tsc_deadline_timer aes xsave avx f16c rdrand hypervisor lahf_lm abm 3dnowprefetch epb fsgsbase tsc_adjust bmi1 hle avx2 smep bmi2 invpcid rtm rdseed adx smap xsaveopt dtherm ida arat pln pts hwp hwp_notify hwp_act_window hwp_epp
bugs		:
bogomips	: 6815.99
clflush size	: 64
cache_alignment	: 64
address sizes	: 42 bits physical, 48 bits virtual
power management:



Memory: 4k page, physical 4025500k(354340k free), swap 2094076k(2069524k free)

vm_info: Java HotSpot(TM) 64-Bit Server VM (25.144-b01) for linux-amd64 JRE (1.8.0_144-b01), built on Jul 21 2017 21:57:33 by "java_re" with gcc 4.3.0 20080428 (Red Hat 4.3.0-8)

time: Thu Nov  1 14:39:12 2018
elapsed time: 0 seconds (0d 0h 0m 0s)

