c:\users\yliex\source\repos\ntrusign\ntrusign\x64\debug\vc141.pdb
c:\users\yliex\source\repos\ntrusign\ntrusign\x64\debug\vc141.idb
c:\users\yliex\source\repos\ntrusign\ntrusign\x64\debug\sign.obj
c:\users\yliex\source\repos\ntrusign\ntrusign\x64\debug\shred.obj
c:\users\yliex\source\repos\ntrusign\ntrusign\x64\debug\sha3.obj
c:\users\yliex\source\repos\ntrusign\ntrusign\x64\debug\rng.obj
c:\users\yliex\source\repos\ntrusign\ntrusign\x64\debug\ntrusign.obj
c:\users\yliex\source\repos\ntrusign\ntrusign\x64\debug\pqntrusign.obj
c:\users\yliex\source\repos\ntrusign\ntrusign\x64\debug\poly.obj
c:\users\yliex\source\repos\ntrusign\ntrusign\x64\debug\param.obj
c:\users\yliex\source\repos\ntrusign\ntrusign\x64\debug\packing.obj
c:\users\yliex\source\repos\ntrusign\ntrusign\x64\debug\ntt.obj
c:\users\yliex\source\repos\ntrusign\ntrusign\x64\debug\misc.obj
c:\users\yliex\source\repos\ntrusign\ntrusign\x64\debug\fastrandombytes.obj
c:\users\yliex\source\repos\ntrusign\ntrusign\x64\debug\dgs.obj
c:\users\yliex\source\repos\ntrusign\ntrusign\x64\debug\crypto_stream.obj
c:\users\yliex\source\repos\ntrusign\ntrusign\x64\debug\crypto_sha3_512.obj
c:\users\yliex\source\repos\ntrusign\x64\debug\ntrusign.dll
c:\users\yliex\source\repos\ntrusign\x64\debug\ntrusign.ilk
c:\users\yliex\source\repos\ntrusign\x64\debug\ntrusign.pdb
c:\users\yliex\source\repos\ntrusign\x64\debug\ntrusign.lib
c:\users\yliex\source\repos\ntrusign\x64\debug\ntrusign.exp
c:\users\asu\desktop\yx\js\win\ntrusign\ntrusign\x64\debug\crypto_sha3_512.obj
c:\users\asu\desktop\yx\js\win\ntrusign\ntrusign\x64\debug\crypto_stream.obj
c:\users\asu\desktop\yx\js\win\ntrusign\ntrusign\x64\debug\dgs.obj
c:\users\asu\desktop\yx\js\win\ntrusign\ntrusign\x64\debug\fastrandombytes.obj
c:\users\asu\desktop\yx\js\win\ntrusign\ntrusign\x64\debug\misc.obj
c:\users\asu\desktop\yx\js\win\ntrusign\ntrusign\x64\debug\ntrusign.obj
c:\users\asu\desktop\yx\js\win\ntrusign\ntrusign\x64\debug\ntt.obj
c:\users\asu\desktop\yx\js\win\ntrusign\ntrusign\x64\debug\packing.obj
c:\users\asu\desktop\yx\js\win\ntrusign\ntrusign\x64\debug\param.obj
c:\users\asu\desktop\yx\js\win\ntrusign\ntrusign\x64\debug\poly.obj
c:\users\asu\desktop\yx\js\win\ntrusign\ntrusign\x64\debug\pqntrusign.obj
c:\users\asu\desktop\yx\js\win\ntrusign\ntrusign\x64\debug\rng.obj
c:\users\asu\desktop\yx\js\win\ntrusign\ntrusign\x64\debug\sha3.obj
c:\users\asu\desktop\yx\js\win\ntrusign\ntrusign\x64\debug\shred.obj
c:\users\asu\desktop\yx\js\win\ntrusign\ntrusign\x64\debug\sign.obj
c:\users\asu\desktop\yx\js\win\ntrusign\ntrusign\x64\debug\vc141.idb
c:\users\asu\desktop\yx\js\win\ntrusign\ntrusign\x64\debug\vc141.pdb
c:\users\asu\desktop\yx\js\win\ntrusign\x64\debug\ntrusign.pdb
c:\users\asu\desktop\yx\js\win\ntrusign\x64\debug\ntrusign.dll
c:\users\asu\desktop\yx\js\win\ntrusign\x64\debug\ntrusign.ilk
c:\users\asu\desktop\yx\js\win\ntrusign\ntrusign\x64\debug\ntrusign.tlog\cl.command.1.tlog
c:\users\asu\desktop\yx\js\win\ntrusign\ntrusign\x64\debug\ntrusign.tlog\cl.read.1.tlog
c:\users\asu\desktop\yx\js\win\ntrusign\ntrusign\x64\debug\ntrusign.tlog\cl.write.1.tlog
c:\users\asu\desktop\yx\js\win\ntrusign\ntrusign\x64\debug\ntrusign.tlog\link.20288.delete.1.tlog
c:\users\asu\desktop\yx\js\win\ntrusign\ntrusign\x64\debug\ntrusign.tlog\link.command.1.tlog
c:\users\asu\desktop\yx\js\win\ntrusign\ntrusign\x64\debug\ntrusign.tlog\link.read.1.tlog
c:\users\asu\desktop\yx\js\win\ntrusign\ntrusign\x64\debug\ntrusign.tlog\link.write.1.tlog
c:\users\asu\desktop\yx\js\win\ntrusign\ntrusign\x64\debug\ntrusign.tlog\ntrusign.write.1u.tlog
