c:\users\yliex\source\repos\ntrusign\ntrusign\debug\vc141.pdb
c:\users\yliex\source\repos\ntrusign\ntrusign\debug\vc141.idb
c:\users\yliex\source\repos\ntrusign\ntrusign\debug\sign.obj
c:\users\yliex\source\repos\ntrusign\ntrusign\debug\shred.obj
c:\users\yliex\source\repos\ntrusign\ntrusign\debug\rng.obj
c:\users\yliex\source\repos\ntrusign\ntrusign\debug\ntrusign.obj
c:\users\yliex\source\repos\ntrusign\ntrusign\debug\pqntrusign.obj
c:\users\yliex\source\repos\ntrusign\ntrusign\debug\poly.obj
c:\users\yliex\source\repos\ntrusign\ntrusign\debug\param.obj
c:\users\yliex\source\repos\ntrusign\ntrusign\debug\packing.obj
c:\users\yliex\source\repos\ntrusign\ntrusign\debug\ntt.obj
c:\users\yliex\source\repos\ntrusign\ntrusign\debug\misc.obj
c:\users\yliex\source\repos\ntrusign\ntrusign\debug\fastrandombytes.obj
c:\users\yliex\source\repos\ntrusign\ntrusign\debug\dgs.obj
c:\users\yliex\source\repos\ntrusign\ntrusign\debug\crypto_stream.obj
c:\users\yliex\source\repos\ntrusign\ntrusign\debug\crypto_hash_sha512.obj
c:\users\yliex\source\repos\ntrusign\debug\ntrusign.pdb
c:\users\yliex\source\repos\ntrusign\ntrusign\debug\ntrusign.tlog\cl.command.1.tlog
c:\users\yliex\source\repos\ntrusign\ntrusign\debug\ntrusign.tlog\cl.read.1.tlog
c:\users\yliex\source\repos\ntrusign\ntrusign\debug\ntrusign.tlog\cl.write.1.tlog
c:\users\yliex\source\repos\ntrusign\ntrusign\debug\ntrusign.tlog\link-cvtres.read.1.tlog
c:\users\yliex\source\repos\ntrusign\ntrusign\debug\ntrusign.tlog\link-cvtres.write.1.tlog
c:\users\yliex\source\repos\ntrusign\ntrusign\debug\ntrusign.tlog\link-rc.read.1.tlog
c:\users\yliex\source\repos\ntrusign\ntrusign\debug\ntrusign.tlog\link-rc.write.1.tlog
c:\users\yliex\source\repos\ntrusign\ntrusign\debug\ntrusign.tlog\link.command.1.tlog
c:\users\yliex\source\repos\ntrusign\ntrusign\debug\ntrusign.tlog\link.read.1.tlog
c:\users\yliex\source\repos\ntrusign\ntrusign\debug\ntrusign.tlog\link.write.1.tlog
